<?xml version="1.0" encoding="UTF-8"?>
<testsuites name="jest tests" tests="42" failures="0" errors="0" time="1.727">
  <testsuite name="CoinGecko API Tests" errors="0" failures="0" skipped="0" timestamp="2025-08-28T14:18:44" time="0.251" tests="11">
    <testcase classname="CoinGecko API Tests API Error Handling should handle unknown coin ID gracefully" name="CoinGecko API Tests API Error Handling should handle unknown coin ID gracefully" time="0.003">
    </testcase>
    <testcase classname="CoinGecko API Tests API Error Handling should handle network errors gracefully" name="CoinGecko API Tests API Error Handling should handle network errors gracefully" time="0">
    </testcase>
    <testcase classname="CoinGecko API Tests API Error Handling should handle malformed response gracefully" name="CoinGecko API Tests API Error Handling should handle malformed response gracefully" time="0.001">
    </testcase>
    <testcase classname="CoinGecko API Tests Input Validation should handle missing base parameter" name="CoinGecko API Tests Input Validation should handle missing base parameter" time="0">
    </testcase>
    <testcase classname="CoinGecko API Tests Input Validation should handle missing quote parameter" name="CoinGecko API Tests Input Validation should handle missing quote parameter" time="0">
    </testcase>
    <testcase classname="CoinGecko API Tests Input Validation should handle empty parameters" name="CoinGecko API Tests Input Validation should handle empty parameters" time="0">
    </testcase>
    <testcase classname="CoinGecko API Tests Successful API Calls should return price for valid coin" name="CoinGecko API Tests Successful API Calls should return price for valid coin" time="0.001">
    </testcase>
    <testcase classname="CoinGecko API Tests Successful API Calls should handle multiple currencies" name="CoinGecko API Tests Successful API Calls should handle multiple currencies" time="0">
    </testcase>
    <testcase classname="CoinGecko API Tests Caching Headers should set proper cache headers" name="CoinGecko API Tests Caching Headers should set proper cache headers" time="0.001">
    </testcase>
    <testcase classname="CoinGecko API Tests API Key Handling should use pro API when key is available" name="CoinGecko API Tests API Key Handling should use pro API when key is available" time="0">
    </testcase>
    <testcase classname="CoinGecko API Tests API Key Handling should use free API when no key is available" name="CoinGecko API Tests API Key Handling should use free API when no key is available" time="0.001">
    </testcase>
  </testsuite>
  <testsuite name="StrategyRow" errors="0" failures="0" skipped="0" timestamp="2025-08-28T14:18:44" time="1.158" tests="31">
    <testcase classname="StrategyRow Component Rendering should render vault name correctly" name="StrategyRow Component Rendering should render vault name correctly" time="0.06">
    </testcase>
    <testcase classname="StrategyRow Component Rendering should render provider name correctly" name="StrategyRow Component Rendering should render provider name correctly" time="0.017">
    </testcase>
    <testcase classname="StrategyRow Component Rendering should render Somm-native badge for Somm-native vaults" name="StrategyRow Component Rendering should render Somm-native badge for Somm-native vaults" time="0.021">
    </testcase>
    <testcase classname="StrategyRow Component Rendering should render chain badge with logo" name="StrategyRow Component Rendering should render chain badge with logo" time="0.023">
    </testcase>
    <testcase classname="StrategyRow Component Rendering should render TVL value correctly" name="StrategyRow Component Rendering should render TVL value correctly" time="0.016">
    </testcase>
    <testcase classname="StrategyRow Component Rendering should render Net Value correctly" name="StrategyRow Component Rendering should render Net Value correctly" time="0.014">
    </testcase>
    <testcase classname="StrategyRow Component Rendering should render Net Rewards correctly" name="StrategyRow Component Rendering should render Net Rewards correctly" time="0.012">
    </testcase>
    <testcase classname="StrategyRow Component Rendering should render description correctly" name="StrategyRow Component Rendering should render description correctly" time="0.011">
    </testcase>
    <testcase classname="StrategyRow Responsive Design should have responsive grid layout" name="StrategyRow Responsive Design should have responsive grid layout" time="0.016">
    </testcase>
    <testcase classname="StrategyRow Responsive Design should have responsive image sizing" name="StrategyRow Responsive Design should have responsive image sizing" time="0.011">
    </testcase>
    <testcase classname="StrategyRow Responsive Design should have responsive font sizes" name="StrategyRow Responsive Design should have responsive font sizes" time="0.011">
    </testcase>
    <testcase classname="StrategyRow Responsive Design should have responsive spacing" name="StrategyRow Responsive Design should have responsive spacing" time="0.011">
    </testcase>
    <testcase classname="StrategyRow KPI Grid Layout should render KPI grid with three columns" name="StrategyRow KPI Grid Layout should render KPI grid with three columns" time="0.014">
    </testcase>
    <testcase classname="StrategyRow KPI Grid Layout should have horizontal KPI layout on mobile" name="StrategyRow KPI Grid Layout should have horizontal KPI layout on mobile" time="0.01">
    </testcase>
    <testcase classname="StrategyRow Action Button should render deposit button when connected" name="StrategyRow Action Button should render deposit button when connected" time="0.01">
    </testcase>
    <testcase classname="StrategyRow Action Button should render &quot;Deposit&quot; button when connected" name="StrategyRow Action Button should render &quot;Deposit&quot; button when connected" time="0.011">
    </testcase>
    <testcase classname="StrategyRow Action Button should have responsive button sizing" name="StrategyRow Action Button should have responsive button sizing" time="0.01">
    </testcase>
    <testcase classname="StrategyRow Error Handling should handle missing vault name gracefully" name="StrategyRow Error Handling should handle missing vault name gracefully" time="0.01">
    </testcase>
    <testcase classname="StrategyRow Error Handling should handle missing provider gracefully" name="StrategyRow Error Handling should handle missing provider gracefully" time="0.008">
    </testcase>
    <testcase classname="StrategyRow Error Handling should handle missing TVL gracefully" name="StrategyRow Error Handling should handle missing TVL gracefully" time="0.01">
    </testcase>
    <testcase classname="StrategyRow Error Handling should handle missing rewards gracefully" name="StrategyRow Error Handling should handle missing rewards gracefully" time="0.008">
    </testcase>
    <testcase classname="StrategyRow Error Handling should handle missing chain config gracefully" name="StrategyRow Error Handling should handle missing chain config gracefully" time="0.008">
    </testcase>
    <testcase classname="StrategyRow Error Handling should handle missing description gracefully" name="StrategyRow Error Handling should handle missing description gracefully" time="0.008">
    </testcase>
    <testcase classname="StrategyRow Data Display should display fallback values when data is missing" name="StrategyRow Data Display should display fallback values when data is missing" time="0.008">
    </testcase>
    <testcase classname="StrategyRow Data Display should handle zero values correctly" name="StrategyRow Data Display should handle zero values correctly" time="0.01">
    </testcase>
    <testcase classname="StrategyRow Data Display should handle large numbers correctly" name="StrategyRow Data Display should handle large numbers correctly" time="0.008">
    </testcase>
    <testcase classname="StrategyRow Accessibility should have proper alt text for images" name="StrategyRow Accessibility should have proper alt text for images" time="0.009">
    </testcase>
    <testcase classname="StrategyRow Accessibility should have proper ARIA labels" name="StrategyRow Accessibility should have proper ARIA labels" time="0.009">
    </testcase>
    <testcase classname="StrategyRow Accessibility should be keyboard navigable" name="StrategyRow Accessibility should be keyboard navigable" time="0.009">
    </testcase>
    <testcase classname="StrategyRow Pre-launch State should show countdown for pre-launch vaults" name="StrategyRow Pre-launch State should show countdown for pre-launch vaults" time="0.012">
    </testcase>
    <testcase classname="StrategyRow Pre-launch State should disable deposit button for pre-launch vaults" name="StrategyRow Pre-launch State should disable deposit button for pre-launch vaults" time="0.014">
    </testcase>
  </testsuite>
</testsuites>