<?xml version="1.0" encoding="UTF-8"?>
<testsuites name="jest tests" tests="101" failures="28" errors="0" time="3.7">
  <testsuite name="Legacy Vaults Integration" errors="0" failures="0" skipped="0" timestamp="2025-08-28T09:49:45" time="0.58" tests="7">
    <testcase classname="Legacy Vaults Integration localStorage persistence should persist user choice to localStorage when showing" name="Legacy Vaults Integration localStorage persistence should persist user choice to localStorage when showing" time="0.002">
    </testcase>
    <testcase classname="Legacy Vaults Integration localStorage persistence should persist user choice to localStorage when hiding" name="Legacy Vaults Integration localStorage persistence should persist user choice to localStorage when hiding" time="0">
    </testcase>
    <testcase classname="Legacy Vaults Integration localStorage persistence should restore user choice from localStorage on page load" name="Legacy Vaults Integration localStorage persistence should restore user choice from localStorage on page load" time="0">
    </testcase>
    <testcase classname="Legacy Vaults Integration localStorage persistence should default to false when no preference is stored" name="Legacy Vaults Integration localStorage persistence should default to false when no preference is stored" time="0">
    </testcase>
    <testcase classname="Legacy Vaults Integration SSR compatibility should handle SSR environment gracefully" name="Legacy Vaults Integration SSR compatibility should handle SSR environment gracefully" time="0.001">
    </testcase>
    <testcase classname="Legacy Vaults Integration Error handling should handle localStorage errors gracefully" name="Legacy Vaults Integration Error handling should handle localStorage errors gracefully" time="0">
    </testcase>
    <testcase classname="Legacy Vaults Integration Error handling should handle localStorage getItem errors gracefully" name="Legacy Vaults Integration Error handling should handle localStorage getItem errors gracefully" time="0">
    </testcase>
  </testsuite>
  <testsuite name="validateSommelierAddress" errors="0" failures="0" skipped="0" timestamp="2025-08-28T09:49:45" time="0.577" tests="1">
    <testcase classname="validateSommelierAddress It should validate the address is sommelier correct encoded address" name="validateSommelierAddress It should validate the address is sommelier correct encoded address" time="0.003">
    </testcase>
  </testsuite>
  <testsuite name="legacyVisibility" errors="0" failures="0" skipped="0" timestamp="2025-08-28T09:49:45" time="0.616" tests="8">
    <testcase classname="legacyVisibility restoreLegacyVisibility should return false when localStorage is not available" name="legacyVisibility restoreLegacyVisibility should return false when localStorage is not available" time="0.005">
    </testcase>
    <testcase classname="legacyVisibility restoreLegacyVisibility should return false when localStorage.getItem throws" name="legacyVisibility restoreLegacyVisibility should return false when localStorage.getItem throws" time="0.001">
    </testcase>
    <testcase classname="legacyVisibility restoreLegacyVisibility should return false when stored value is not &quot;1&quot;" name="legacyVisibility restoreLegacyVisibility should return false when stored value is not &quot;1&quot;" time="0">
    </testcase>
    <testcase classname="legacyVisibility restoreLegacyVisibility should return true when stored value is &quot;1&quot;" name="legacyVisibility restoreLegacyVisibility should return true when stored value is &quot;1&quot;" time="0">
    </testcase>
    <testcase classname="legacyVisibility saveLegacyVisibility should not call localStorage when window is not available" name="legacyVisibility saveLegacyVisibility should not call localStorage when window is not available" time="0.001">
    </testcase>
    <testcase classname="legacyVisibility saveLegacyVisibility should not call localStorage when setItem throws" name="legacyVisibility saveLegacyVisibility should not call localStorage when setItem throws" time="0">
    </testcase>
    <testcase classname="legacyVisibility saveLegacyVisibility should store &quot;1&quot; when setting visibility to true" name="legacyVisibility saveLegacyVisibility should store &quot;1&quot; when setting visibility to true" time="0">
    </testcase>
    <testcase classname="legacyVisibility saveLegacyVisibility should store &quot;0&quot; when setting visibility to false" name="legacyVisibility saveLegacyVisibility should store &quot;0&quot; when setting visibility to false" time="0">
    </testcase>
  </testsuite>
  <testsuite name="RPC Connection Tests" errors="0" failures="7" skipped="0" timestamp="2025-08-28T09:49:45" time="0.622" tests="17">
    <testcase classname="RPC Connection Tests RPC Endpoint Health Checks should handle Alchemy RPC connection failure gracefully" name="RPC Connection Tests RPC Endpoint Health Checks should handle Alchemy RPC connection failure gracefully" time="0.023">
      <failure>Error: expect(received).toContain(expected) // indexOf

Expected substring: &quot;Failed to fetch&quot;
Received string:    &quot;HTTP request failed&quot;
    at Object.&lt;anonymous&gt; (/Users/henriots/Desktop/projektid/SOMM/sommelier-strangelove/src/__tests__/utils/rpcConnection.spec.ts:29:42)
    at processTicksAndRejections (node:internal/process/task_queues:95:5)</failure>
    </testcase>
    <testcase classname="RPC Connection Tests RPC Endpoint Health Checks should handle Infura RPC connection failure gracefully" name="RPC Connection Tests RPC Endpoint Health Checks should handle Infura RPC connection failure gracefully" time="0.001">
      <failure>Error: expect(received).toContain(expected) // indexOf

Expected substring: &quot;Network error&quot;
Received string:    &quot;HTTP request failed&quot;
    at Object.&lt;anonymous&gt; (/Users/henriots/Desktop/projektid/SOMM/sommelier-strangelove/src/__tests__/utils/rpcConnection.spec.ts:47:42)
    at processTicksAndRejections (node:internal/process/task_queues:95:5)</failure>
    </testcase>
    <testcase classname="RPC Connection Tests RPC Endpoint Health Checks should handle public RPC endpoint failure gracefully" name="RPC Connection Tests RPC Endpoint Health Checks should handle public RPC endpoint failure gracefully" time="0">
      <failure>Error: expect(received).toContain(expected) // indexOf

Expected substring: &quot;HttpRequestError&quot;
Received string:    &quot;HTTP request failed&quot;
    at Object.&lt;anonymous&gt; (/Users/henriots/Desktop/projektid/SOMM/sommelier-strangelove/src/__tests__/utils/rpcConnection.spec.ts:67:42)
    at processTicksAndRejections (node:internal/process/task_queues:95:5)</failure>
    </testcase>
    <testcase classname="RPC Connection Tests RPC Endpoint Health Checks should handle timeout errors gracefully" name="RPC Connection Tests RPC Endpoint Health Checks should handle timeout errors gracefully" time="0">
      <failure>Error: expect(received).toContain(expected) // indexOf

Expected substring: &quot;Request timeout&quot;
Received string:    &quot;HTTP request failed&quot;
    at Object.&lt;anonymous&gt; (/Users/henriots/Desktop/projektid/SOMM/sommelier-strangelove/src/__tests__/utils/rpcConnection.spec.ts:95:42)
    at processTicksAndRejections (node:internal/process/task_queues:95:5)</failure>
    </testcase>
    <testcase classname="RPC Connection Tests RPC Configuration Tests should use Alchemy when API key is available" name="RPC Connection Tests RPC Configuration Tests should use Alchemy when API key is available" time="0">
    </testcase>
    <testcase classname="RPC Connection Tests RPC Configuration Tests should use Infura when API key is available" name="RPC Connection Tests RPC Configuration Tests should use Infura when API key is available" time="0">
    </testcase>
    <testcase classname="RPC Connection Tests RPC Configuration Tests should fallback to public endpoint when no API keys are available" name="RPC Connection Tests RPC Configuration Tests should fallback to public endpoint when no API keys are available" time="0.006">
    </testcase>
    <testcase classname="RPC Connection Tests Error Recovery Tests should retry failed requests with exponential backoff" name="RPC Connection Tests Error Recovery Tests should retry failed requests with exponential backoff" time="0.002">
    </testcase>
    <testcase classname="RPC Connection Tests Error Recovery Tests should handle rate limiting gracefully" name="RPC Connection Tests Error Recovery Tests should handle rate limiting gracefully" time="0.006">
    </testcase>
    <testcase classname="RPC Connection Tests Error Recovery Tests should handle invalid API key errors" name="RPC Connection Tests Error Recovery Tests should handle invalid API key errors" time="0.002">
    </testcase>
    <testcase classname="RPC Connection Tests Network-Specific Tests should handle Ethereum mainnet RPC issues" name="RPC Connection Tests Network-Specific Tests should handle Ethereum mainnet RPC issues" time="0.002">
      <failure>Error: expect(received).toContain(expected) // indexOf

Expected substring: &quot;Ethereum RPC unavailable&quot;
Received string:    &quot;HTTP request failed&quot;
    at Object.&lt;anonymous&gt; (/Users/henriots/Desktop/projektid/SOMM/sommelier-strangelove/src/__tests__/utils/rpcConnection.spec.ts:234:42)
    at processTicksAndRejections (node:internal/process/task_queues:95:5)</failure>
    </testcase>
    <testcase classname="RPC Connection Tests Network-Specific Tests should handle Arbitrum RPC issues" name="RPC Connection Tests Network-Specific Tests should handle Arbitrum RPC issues" time="0.003">
      <failure>Error: expect(received).toContain(expected) // indexOf

Expected substring: &quot;Arbitrum RPC unavailable&quot;
Received string:    &quot;HTTP request failed&quot;
    at Object.&lt;anonymous&gt; (/Users/henriots/Desktop/projektid/SOMM/sommelier-strangelove/src/__tests__/utils/rpcConnection.spec.ts:258:42)
    at processTicksAndRejections (node:internal/process/task_queues:95:5)</failure>
    </testcase>
    <testcase classname="RPC Connection Tests Network-Specific Tests should handle Optimism RPC issues" name="RPC Connection Tests Network-Specific Tests should handle Optimism RPC issues" time="0.001">
      <failure>Error: expect(received).toContain(expected) // indexOf

Expected substring: &quot;Optimism RPC unavailable&quot;
Received string:    &quot;HTTP request failed&quot;
    at Object.&lt;anonymous&gt; (/Users/henriots/Desktop/projektid/SOMM/sommelier-strangelove/src/__tests__/utils/rpcConnection.spec.ts:282:42)
    at processTicksAndRejections (node:internal/process/task_queues:95:5)</failure>
    </testcase>
    <testcase classname="RPC Connection Tests Contract Interaction Tests should handle contract read failures due to RPC issues" name="RPC Connection Tests Contract Interaction Tests should handle contract read failures due to RPC issues" time="0.001">
    </testcase>
    <testcase classname="RPC Connection Tests Contract Interaction Tests should handle ABI function not found errors" name="RPC Connection Tests Contract Interaction Tests should handle ABI function not found errors" time="0">
    </testcase>
    <testcase classname="RPC Connection Tests Environment Variable Tests should handle missing environment variables gracefully" name="RPC Connection Tests Environment Variable Tests should handle missing environment variables gracefully" time="0">
    </testcase>
    <testcase classname="RPC Connection Tests Environment Variable Tests should use environment variables when available" name="RPC Connection Tests Environment Variable Tests should use environment variables when available" time="0">
    </testcase>
  </testsuite>
  <testsuite name="sortVaults" errors="0" failures="1" skipped="0" timestamp="2025-08-28T09:49:45" time="0.651" tests="4">
    <testcase classname="sortVaults not connected → TVL desc" name="sortVaults not connected → TVL desc" time="0.006">
    </testcase>
    <testcase classname="sortVaults connected → Net Value desc, fallback TVL" name="sortVaults connected → Net Value desc, fallback TVL" time="0.002">
      <failure>Error: expect(received).toContain(expected) // indexOf

Expected value: &quot;Real Yield USD (ETH)&quot;
Received array: [&quot;Turbo rsETH (ETH)&quot;, &quot;Real Yield ETH (ETH)&quot;, &quot;Turbo stETH (ETH)&quot;, &quot;Real Yield ETH (OP)&quot;]
    at Object.&lt;anonymous&gt; (/Users/henriots/Desktop/projektid/SOMM/sommelier-strangelove/src/utils/__tests__/sortVaults.spec.ts:44:17)
    at Promise.then.completed (/Users/henriots/Desktop/projektid/SOMM/sommelier-strangelove/node_modules/.pnpm/jest-circus@29.7.0_babel-plugin-macros@3.1.0/node_modules/jest-circus/build/utils.js:298:28)
    at new Promise (&lt;anonymous&gt;)
    at callAsyncCircusFn (/Users/henriots/Desktop/projektid/SOMM/sommelier-strangelove/node_modules/.pnpm/jest-circus@29.7.0_babel-plugin-macros@3.1.0/node_modules/jest-circus/build/utils.js:231:10)
    at _callCircusTest (/Users/henriots/Desktop/projektid/SOMM/sommelier-strangelove/node_modules/.pnpm/jest-circus@29.7.0_babel-plugin-macros@3.1.0/node_modules/jest-circus/build/run.js:316:40)
    at processTicksAndRejections (node:internal/process/task_queues:95:5)
    at _runTest (/Users/henriots/Desktop/projektid/SOMM/sommelier-strangelove/node_modules/.pnpm/jest-circus@29.7.0_babel-plugin-macros@3.1.0/node_modules/jest-circus/build/run.js:252:3)
    at _runTestsForDescribeBlock (/Users/henriots/Desktop/projektid/SOMM/sommelier-strangelove/node_modules/.pnpm/jest-circus@29.7.0_babel-plugin-macros@3.1.0/node_modules/jest-circus/build/run.js:126:9)
    at _runTestsForDescribeBlock (/Users/henriots/Desktop/projektid/SOMM/sommelier-strangelove/node_modules/.pnpm/jest-circus@29.7.0_babel-plugin-macros@3.1.0/node_modules/jest-circus/build/run.js:121:9)
    at run (/Users/henriots/Desktop/projektid/SOMM/sommelier-strangelove/node_modules/.pnpm/jest-circus@29.7.0_babel-plugin-macros@3.1.0/node_modules/jest-circus/build/run.js:71:3)
    at runAndTransformResultsToJestFormat (/Users/henriots/Desktop/projektid/SOMM/sommelier-strangelove/node_modules/.pnpm/jest-circus@29.7.0_babel-plugin-macros@3.1.0/node_modules/jest-circus/build/legacy-code-todo-rewrite/jestAdapterInit.js:122:21)
    at jestAdapter (/Users/henriots/Desktop/projektid/SOMM/sommelier-strangelove/node_modules/.pnpm/jest-circus@29.7.0_babel-plugin-macros@3.1.0/node_modules/jest-circus/build/legacy-code-todo-rewrite/jestAdapter.js:79:19)
    at runTestInternal (/Users/henriots/Desktop/projektid/SOMM/sommelier-strangelove/node_modules/.pnpm/jest-runner@29.7.0/node_modules/jest-runner/build/runTest.js:367:16)
    at runTest (/Users/henriots/Desktop/projektid/SOMM/sommelier-strangelove/node_modules/.pnpm/jest-runner@29.7.0/node_modules/jest-runner/build/runTest.js:444:34)
    at Object.worker (/Users/henriots/Desktop/projektid/SOMM/sommelier-strangelove/node_modules/.pnpm/jest-runner@29.7.0/node_modules/jest-runner/build/testWorker.js:106:12)</failure>
    </testcase>
    <testcase classname="sortVaults handles various net value formats" name="sortVaults handles various net value formats" time="0.001">
    </testcase>
    <testcase classname="sortVaults handles TVL with K/M/B suffixes" name="sortVaults handles TVL with K/M/B suffixes" time="0.001">
    </testcase>
  </testsuite>
  <testsuite name="Basic Test Setup" errors="0" failures="0" skipped="0" timestamp="2025-08-28T09:49:46" time="0.06" tests="3">
    <testcase classname="Basic Test Setup should run basic tests" name="Basic Test Setup should run basic tests" time="0">
    </testcase>
    <testcase classname="Basic Test Setup should handle async operations" name="Basic Test Setup should handle async operations" time="0.001">
    </testcase>
    <testcase classname="Basic Test Setup should handle environment variables" name="Basic Test Setup should handle environment variables" time="0">
    </testcase>
  </testsuite>
  <testsuite name="Simple Component Test" errors="0" failures="0" skipped="0" timestamp="2025-08-28T09:49:45" time="1.087" tests="2">
    <testcase classname="Simple Component Test should render a simple component" name="Simple Component Test should render a simple component" time="0.045">
    </testcase>
    <testcase classname="Simple Component Test should handle basic user interactions" name="Simple Component Test should handle basic user interactions" time="0.011">
    </testcase>
  </testsuite>
  <testsuite name="Withdrawal Button State" errors="0" failures="5" skipped="0" timestamp="2025-08-28T09:49:45" time="1.288" tests="8">
    <testcase classname="Withdrawal Button State $0.04 → enabled" name="Withdrawal Button State $0.04 → enabled" time="0.031">
    </testcase>
    <testcase classname="Withdrawal Button State $0.79 → enabled" name="Withdrawal Button State $0.79 → enabled" time="0.006">
    </testcase>
    <testcase classname="Withdrawal Button State $0.00 → disabled" name="Withdrawal Button State $0.00 → disabled" time="0.01">
      <failure>Error: expect(element).toHaveAttribute(&quot;disabled&quot;) // element.hasAttribute(&quot;disabled&quot;)

Expected the element to have attribute:
  disabled
Received:
  null
    at Object.&lt;anonymous&gt; (/Users/henriots/Desktop/projektid/SOMM/sommelier-strangelove/src/components/_buttons/__tests__/withdrawState.spec.tsx:101:22)
    at Promise.then.completed (/Users/henriots/Desktop/projektid/SOMM/sommelier-strangelove/node_modules/.pnpm/jest-circus@29.7.0_babel-plugin-macros@3.1.0/node_modules/jest-circus/build/utils.js:298:28)
    at new Promise (&lt;anonymous&gt;)
    at callAsyncCircusFn (/Users/henriots/Desktop/projektid/SOMM/sommelier-strangelove/node_modules/.pnpm/jest-circus@29.7.0_babel-plugin-macros@3.1.0/node_modules/jest-circus/build/utils.js:231:10)
    at _callCircusTest (/Users/henriots/Desktop/projektid/SOMM/sommelier-strangelove/node_modules/.pnpm/jest-circus@29.7.0_babel-plugin-macros@3.1.0/node_modules/jest-circus/build/run.js:316:40)
    at processTicksAndRejections (node:internal/process/task_queues:95:5)
    at _runTest (/Users/henriots/Desktop/projektid/SOMM/sommelier-strangelove/node_modules/.pnpm/jest-circus@29.7.0_babel-plugin-macros@3.1.0/node_modules/jest-circus/build/run.js:252:3)
    at _runTestsForDescribeBlock (/Users/henriots/Desktop/projektid/SOMM/sommelier-strangelove/node_modules/.pnpm/jest-circus@29.7.0_babel-plugin-macros@3.1.0/node_modules/jest-circus/build/run.js:126:9)
    at _runTestsForDescribeBlock (/Users/henriots/Desktop/projektid/SOMM/sommelier-strangelove/node_modules/.pnpm/jest-circus@29.7.0_babel-plugin-macros@3.1.0/node_modules/jest-circus/build/run.js:121:9)
    at run (/Users/henriots/Desktop/projektid/SOMM/sommelier-strangelove/node_modules/.pnpm/jest-circus@29.7.0_babel-plugin-macros@3.1.0/node_modules/jest-circus/build/run.js:71:3)
    at runAndTransformResultsToJestFormat (/Users/henriots/Desktop/projektid/SOMM/sommelier-strangelove/node_modules/.pnpm/jest-circus@29.7.0_babel-plugin-macros@3.1.0/node_modules/jest-circus/build/legacy-code-todo-rewrite/jestAdapterInit.js:122:21)
    at jestAdapter (/Users/henriots/Desktop/projektid/SOMM/sommelier-strangelove/node_modules/.pnpm/jest-circus@29.7.0_babel-plugin-macros@3.1.0/node_modules/jest-circus/build/legacy-code-todo-rewrite/jestAdapter.js:79:19)
    at runTestInternal (/Users/henriots/Desktop/projektid/SOMM/sommelier-strangelove/node_modules/.pnpm/jest-runner@29.7.0/node_modules/jest-runner/build/runTest.js:367:16)
    at runTest (/Users/henriots/Desktop/projektid/SOMM/sommelier-strangelove/node_modules/.pnpm/jest-runner@29.7.0/node_modules/jest-runner/build/runTest.js:444:34)
    at Object.worker (/Users/henriots/Desktop/projektid/SOMM/sommelier-strangelove/node_modules/.pnpm/jest-runner@29.7.0/node_modules/jest-runner/build/testWorker.js:106:12)</failure>
    </testcase>
    <testcase classname="Withdrawal Button State – → disabled" name="Withdrawal Button State – → disabled" time="0.008">
      <failure>Error: expect(element).toHaveAttribute(&quot;disabled&quot;) // element.hasAttribute(&quot;disabled&quot;)

Expected the element to have attribute:
  disabled
Received:
  null
    at Object.&lt;anonymous&gt; (/Users/henriots/Desktop/projektid/SOMM/sommelier-strangelove/src/components/_buttons/__tests__/withdrawState.spec.tsx:107:22)
    at Promise.then.completed (/Users/henriots/Desktop/projektid/SOMM/sommelier-strangelove/node_modules/.pnpm/jest-circus@29.7.0_babel-plugin-macros@3.1.0/node_modules/jest-circus/build/utils.js:298:28)
    at new Promise (&lt;anonymous&gt;)
    at callAsyncCircusFn (/Users/henriots/Desktop/projektid/SOMM/sommelier-strangelove/node_modules/.pnpm/jest-circus@29.7.0_babel-plugin-macros@3.1.0/node_modules/jest-circus/build/utils.js:231:10)
    at _callCircusTest (/Users/henriots/Desktop/projektid/SOMM/sommelier-strangelove/node_modules/.pnpm/jest-circus@29.7.0_babel-plugin-macros@3.1.0/node_modules/jest-circus/build/run.js:316:40)
    at processTicksAndRejections (node:internal/process/task_queues:95:5)
    at _runTest (/Users/henriots/Desktop/projektid/SOMM/sommelier-strangelove/node_modules/.pnpm/jest-circus@29.7.0_babel-plugin-macros@3.1.0/node_modules/jest-circus/build/run.js:252:3)
    at _runTestsForDescribeBlock (/Users/henriots/Desktop/projektid/SOMM/sommelier-strangelove/node_modules/.pnpm/jest-circus@29.7.0_babel-plugin-macros@3.1.0/node_modules/jest-circus/build/run.js:126:9)
    at _runTestsForDescribeBlock (/Users/henriots/Desktop/projektid/SOMM/sommelier-strangelove/node_modules/.pnpm/jest-circus@29.7.0_babel-plugin-macros@3.1.0/node_modules/jest-circus/build/run.js:121:9)
    at run (/Users/henriots/Desktop/projektid/SOMM/sommelier-strangelove/node_modules/.pnpm/jest-circus@29.7.0_babel-plugin-macros@3.1.0/node_modules/jest-circus/build/run.js:71:3)
    at runAndTransformResultsToJestFormat (/Users/henriots/Desktop/projektid/SOMM/sommelier-strangelove/node_modules/.pnpm/jest-circus@29.7.0_babel-plugin-macros@3.1.0/node_modules/jest-circus/build/legacy-code-todo-rewrite/jestAdapterInit.js:122:21)
    at jestAdapter (/Users/henriots/Desktop/projektid/SOMM/sommelier-strangelove/node_modules/.pnpm/jest-circus@29.7.0_babel-plugin-macros@3.1.0/node_modules/jest-circus/build/legacy-code-todo-rewrite/jestAdapter.js:79:19)
    at runTestInternal (/Users/henriots/Desktop/projektid/SOMM/sommelier-strangelove/node_modules/.pnpm/jest-runner@29.7.0/node_modules/jest-runner/build/runTest.js:367:16)
    at runTest (/Users/henriots/Desktop/projektid/SOMM/sommelier-strangelove/node_modules/.pnpm/jest-runner@29.7.0/node_modules/jest-runner/build/runTest.js:444:34)
    at Object.worker (/Users/henriots/Desktop/projektid/SOMM/sommelier-strangelove/node_modules/.pnpm/jest-runner@29.7.0/node_modules/jest-runner/build/testWorker.js:106:12)</failure>
    </testcase>
    <testcase classname="Withdrawal Button State missing → disabled" name="Withdrawal Button State missing → disabled" time="0.005">
      <failure>Error: expect(element).toHaveAttribute(&quot;disabled&quot;) // element.hasAttribute(&quot;disabled&quot;)

Expected the element to have attribute:
  disabled
Received:
  null
    at Object.&lt;anonymous&gt; (/Users/henriots/Desktop/projektid/SOMM/sommelier-strangelove/src/components/_buttons/__tests__/withdrawState.spec.tsx:113:22)
    at Promise.then.completed (/Users/henriots/Desktop/projektid/SOMM/sommelier-strangelove/node_modules/.pnpm/jest-circus@29.7.0_babel-plugin-macros@3.1.0/node_modules/jest-circus/build/utils.js:298:28)
    at new Promise (&lt;anonymous&gt;)
    at callAsyncCircusFn (/Users/henriots/Desktop/projektid/SOMM/sommelier-strangelove/node_modules/.pnpm/jest-circus@29.7.0_babel-plugin-macros@3.1.0/node_modules/jest-circus/build/utils.js:231:10)
    at _callCircusTest (/Users/henriots/Desktop/projektid/SOMM/sommelier-strangelove/node_modules/.pnpm/jest-circus@29.7.0_babel-plugin-macros@3.1.0/node_modules/jest-circus/build/run.js:316:40)
    at processTicksAndRejections (node:internal/process/task_queues:95:5)
    at _runTest (/Users/henriots/Desktop/projektid/SOMM/sommelier-strangelove/node_modules/.pnpm/jest-circus@29.7.0_babel-plugin-macros@3.1.0/node_modules/jest-circus/build/run.js:252:3)
    at _runTestsForDescribeBlock (/Users/henriots/Desktop/projektid/SOMM/sommelier-strangelove/node_modules/.pnpm/jest-circus@29.7.0_babel-plugin-macros@3.1.0/node_modules/jest-circus/build/run.js:126:9)
    at _runTestsForDescribeBlock (/Users/henriots/Desktop/projektid/SOMM/sommelier-strangelove/node_modules/.pnpm/jest-circus@29.7.0_babel-plugin-macros@3.1.0/node_modules/jest-circus/build/run.js:121:9)
    at run (/Users/henriots/Desktop/projektid/SOMM/sommelier-strangelove/node_modules/.pnpm/jest-circus@29.7.0_babel-plugin-macros@3.1.0/node_modules/jest-circus/build/run.js:71:3)
    at runAndTransformResultsToJestFormat (/Users/henriots/Desktop/projektid/SOMM/sommelier-strangelove/node_modules/.pnpm/jest-circus@29.7.0_babel-plugin-macros@3.1.0/node_modules/jest-circus/build/legacy-code-todo-rewrite/jestAdapterInit.js:122:21)
    at jestAdapter (/Users/henriots/Desktop/projektid/SOMM/sommelier-strangelove/node_modules/.pnpm/jest-circus@29.7.0_babel-plugin-macros@3.1.0/node_modules/jest-circus/build/legacy-code-todo-rewrite/jestAdapter.js:79:19)
    at runTestInternal (/Users/henriots/Desktop/projektid/SOMM/sommelier-strangelove/node_modules/.pnpm/jest-runner@29.7.0/node_modules/jest-runner/build/runTest.js:367:16)
    at runTest (/Users/henriots/Desktop/projektid/SOMM/sommelier-strangelove/node_modules/.pnpm/jest-runner@29.7.0/node_modules/jest-runner/build/runTest.js:444:34)
    at Object.worker (/Users/henriots/Desktop/projektid/SOMM/sommelier-strangelove/node_modules/.pnpm/jest-runner@29.7.0/node_modules/jest-runner/build/testWorker.js:106:12)</failure>
    </testcase>
    <testcase classname="Withdrawal Button State negative → disabled" name="Withdrawal Button State negative → disabled" time="0.006">
      <failure>Error: expect(element).toHaveAttribute(&quot;disabled&quot;) // element.hasAttribute(&quot;disabled&quot;)

Expected the element to have attribute:
  disabled
Received:
  null
    at Object.&lt;anonymous&gt; (/Users/henriots/Desktop/projektid/SOMM/sommelier-strangelove/src/components/_buttons/__tests__/withdrawState.spec.tsx:122:22)
    at Promise.then.completed (/Users/henriots/Desktop/projektid/SOMM/sommelier-strangelove/node_modules/.pnpm/jest-circus@29.7.0_babel-plugin-macros@3.1.0/node_modules/jest-circus/build/utils.js:298:28)
    at new Promise (&lt;anonymous&gt;)
    at callAsyncCircusFn (/Users/henriots/Desktop/projektid/SOMM/sommelier-strangelove/node_modules/.pnpm/jest-circus@29.7.0_babel-plugin-macros@3.1.0/node_modules/jest-circus/build/utils.js:231:10)
    at _callCircusTest (/Users/henriots/Desktop/projektid/SOMM/sommelier-strangelove/node_modules/.pnpm/jest-circus@29.7.0_babel-plugin-macros@3.1.0/node_modules/jest-circus/build/run.js:316:40)
    at processTicksAndRejections (node:internal/process/task_queues:95:5)
    at _runTest (/Users/henriots/Desktop/projektid/SOMM/sommelier-strangelove/node_modules/.pnpm/jest-circus@29.7.0_babel-plugin-macros@3.1.0/node_modules/jest-circus/build/run.js:252:3)
    at _runTestsForDescribeBlock (/Users/henriots/Desktop/projektid/SOMM/sommelier-strangelove/node_modules/.pnpm/jest-circus@29.7.0_babel-plugin-macros@3.1.0/node_modules/jest-circus/build/run.js:126:9)
    at _runTestsForDescribeBlock (/Users/henriots/Desktop/projektid/SOMM/sommelier-strangelove/node_modules/.pnpm/jest-circus@29.7.0_babel-plugin-macros@3.1.0/node_modules/jest-circus/build/run.js:121:9)
    at run (/Users/henriots/Desktop/projektid/SOMM/sommelier-strangelove/node_modules/.pnpm/jest-circus@29.7.0_babel-plugin-macros@3.1.0/node_modules/jest-circus/build/run.js:71:3)
    at runAndTransformResultsToJestFormat (/Users/henriots/Desktop/projektid/SOMM/sommelier-strangelove/node_modules/.pnpm/jest-circus@29.7.0_babel-plugin-macros@3.1.0/node_modules/jest-circus/build/legacy-code-todo-rewrite/jestAdapterInit.js:122:21)
    at jestAdapter (/Users/henriots/Desktop/projektid/SOMM/sommelier-strangelove/node_modules/.pnpm/jest-circus@29.7.0_babel-plugin-macros@3.1.0/node_modules/jest-circus/build/legacy-code-todo-rewrite/jestAdapter.js:79:19)
    at runTestInternal (/Users/henriots/Desktop/projektid/SOMM/sommelier-strangelove/node_modules/.pnpm/jest-runner@29.7.0/node_modules/jest-runner/build/runTest.js:367:16)
    at runTest (/Users/henriots/Desktop/projektid/SOMM/sommelier-strangelove/node_modules/.pnpm/jest-runner@29.7.0/node_modules/jest-runner/build/runTest.js:444:34)
    at Object.worker (/Users/henriots/Desktop/projektid/SOMM/sommelier-strangelove/node_modules/.pnpm/jest-runner@29.7.0/node_modules/jest-runner/build/testWorker.js:106:12)</failure>
    </testcase>
    <testcase classname="Withdrawal Button State string $0.04 → enabled" name="Withdrawal Button State string $0.04 → enabled" time="0.004">
    </testcase>
    <testcase classname="Withdrawal Button State string $0.00 → disabled" name="Withdrawal Button State string $0.00 → disabled" time="0.006">
      <failure>Error: expect(element).toHaveAttribute(&quot;disabled&quot;) // element.hasAttribute(&quot;disabled&quot;)

Expected the element to have attribute:
  disabled
Received:
  null
    at Object.&lt;anonymous&gt; (/Users/henriots/Desktop/projektid/SOMM/sommelier-strangelove/src/components/_buttons/__tests__/withdrawState.spec.tsx:134:22)
    at Promise.then.completed (/Users/henriots/Desktop/projektid/SOMM/sommelier-strangelove/node_modules/.pnpm/jest-circus@29.7.0_babel-plugin-macros@3.1.0/node_modules/jest-circus/build/utils.js:298:28)
    at new Promise (&lt;anonymous&gt;)
    at callAsyncCircusFn (/Users/henriots/Desktop/projektid/SOMM/sommelier-strangelove/node_modules/.pnpm/jest-circus@29.7.0_babel-plugin-macros@3.1.0/node_modules/jest-circus/build/utils.js:231:10)
    at _callCircusTest (/Users/henriots/Desktop/projektid/SOMM/sommelier-strangelove/node_modules/.pnpm/jest-circus@29.7.0_babel-plugin-macros@3.1.0/node_modules/jest-circus/build/run.js:316:40)
    at processTicksAndRejections (node:internal/process/task_queues:95:5)
    at _runTest (/Users/henriots/Desktop/projektid/SOMM/sommelier-strangelove/node_modules/.pnpm/jest-circus@29.7.0_babel-plugin-macros@3.1.0/node_modules/jest-circus/build/run.js:252:3)
    at _runTestsForDescribeBlock (/Users/henriots/Desktop/projektid/SOMM/sommelier-strangelove/node_modules/.pnpm/jest-circus@29.7.0_babel-plugin-macros@3.1.0/node_modules/jest-circus/build/run.js:126:9)
    at _runTestsForDescribeBlock (/Users/henriots/Desktop/projektid/SOMM/sommelier-strangelove/node_modules/.pnpm/jest-circus@29.7.0_babel-plugin-macros@3.1.0/node_modules/jest-circus/build/run.js:121:9)
    at run (/Users/henriots/Desktop/projektid/SOMM/sommelier-strangelove/node_modules/.pnpm/jest-circus@29.7.0_babel-plugin-macros@3.1.0/node_modules/jest-circus/build/run.js:71:3)
    at runAndTransformResultsToJestFormat (/Users/henriots/Desktop/projektid/SOMM/sommelier-strangelove/node_modules/.pnpm/jest-circus@29.7.0_babel-plugin-macros@3.1.0/node_modules/jest-circus/build/legacy-code-todo-rewrite/jestAdapterInit.js:122:21)
    at jestAdapter (/Users/henriots/Desktop/projektid/SOMM/sommelier-strangelove/node_modules/.pnpm/jest-circus@29.7.0_babel-plugin-macros@3.1.0/node_modules/jest-circus/build/legacy-code-todo-rewrite/jestAdapter.js:79:19)
    at runTestInternal (/Users/henriots/Desktop/projektid/SOMM/sommelier-strangelove/node_modules/.pnpm/jest-runner@29.7.0/node_modules/jest-runner/build/runTest.js:367:16)
    at runTest (/Users/henriots/Desktop/projektid/SOMM/sommelier-strangelove/node_modules/.pnpm/jest-runner@29.7.0/node_modules/jest-runner/build/runTest.js:444:34)
    at Object.worker (/Users/henriots/Desktop/projektid/SOMM/sommelier-strangelove/node_modules/.pnpm/jest-runner@29.7.0/node_modules/jest-runner/build/testWorker.js:106:12)</failure>
    </testcase>
  </testsuite>
  <testsuite name="StrategyRow" errors="0" failures="7" skipped="0" timestamp="2025-08-28T09:49:45" time="1.654" tests="31">
    <testcase classname="StrategyRow Component Rendering should render vault name correctly" name="StrategyRow Component Rendering should render vault name correctly" time="0.073">
    </testcase>
    <testcase classname="StrategyRow Component Rendering should render provider name correctly" name="StrategyRow Component Rendering should render provider name correctly" time="0.018">
    </testcase>
    <testcase classname="StrategyRow Component Rendering should render Somm-native badge for Somm-native vaults" name="StrategyRow Component Rendering should render Somm-native badge for Somm-native vaults" time="0.015">
    </testcase>
    <testcase classname="StrategyRow Component Rendering should render chain badge with logo" name="StrategyRow Component Rendering should render chain badge with logo" time="0.011">
    </testcase>
    <testcase classname="StrategyRow Component Rendering should render TVL value correctly" name="StrategyRow Component Rendering should render TVL value correctly" time="0.016">
      <failure>TestingLibraryElementError: Unable to find an element with the text: $231.86. This could be because the text is broken up by multiple elements. In this case, you can provide a function for your text matcher to make your matcher more flexible.

Ignored nodes: comments, script, style
&lt;body
  class=&quot;chakra-ui-light&quot;
&gt;
  &lt;div&gt;
    &lt;div
      class=&quot;css-0&quot;
    &gt;
      &lt;div
        class=&quot;css-1to5i6y&quot;
      &gt;
        &lt;div
          class=&quot;chakra-stack css-1o4zl6w&quot;
        &gt;
          &lt;img
            alt=&quot;Alpha STETH&quot;
            class=&quot;chakra-image css-1bk5ehr&quot;
            src=&quot;/assets/icons/alpha-steth.png&quot;
          /&gt;
          &lt;div
            class=&quot;chakra-stack css-17kk21j&quot;
          &gt;
            &lt;div
              class=&quot;chakra-stack css-9e4pda&quot;
            &gt;
              &lt;p
                class=&quot;chakra-text css-whmwud&quot;
              &gt;
                Alpha STETH
              &lt;/p&gt;
            &lt;/div&gt;
            &lt;div
              class=&quot;chakra-stack css-porbmv&quot;
            &gt;
              &lt;span
                class=&quot;chakra-badge css-osin99&quot;
              &gt;
                Somm-native
              &lt;/span&gt;
              &lt;div
                class=&quot;chakra-stack css-1ts6prr&quot;
              &gt;
                &lt;span
                  class=&quot;chakra-avatar css-1j60s3r&quot;
                &gt;
                  &lt;div
                    aria-label=&quot;Ethereum&quot;
                    class=&quot;chakra-avatar__initials css-1ebyn6&quot;
                    role=&quot;img&quot;
                  &gt;
                    E
                  &lt;/div&gt;
                &lt;/span&gt;
                &lt;p
                  class=&quot;chakra-text css-1qx2fap&quot;
                &gt;
                  Ethereum
                &lt;/p&gt;
              &lt;/div&gt;
            &lt;/div&gt;
            &lt;p
              class=&quot;chakra-text css-1ng6gdk&quot;
            &gt;
              Seven Seas
            &lt;/p&gt;
          &lt;/div&gt;
        &lt;/div&gt;
        &lt;div
          class=&quot;css-18adj5m&quot;
        &gt;
          &lt;div
            class=&quot;chakra-stack css-tlfujk&quot;
          &gt;
            &lt;p
              class=&quot;chakra-text css-1ha3l18&quot;
            &gt;
              231.86
            &lt;/p&gt;
            &lt;p
              class=&quot;chakra-text css-1q07xx5&quot;
            &gt;
              TVL
            &lt;/p&gt;
          &lt;/div&gt;
          &lt;div
            class=&quot;chakra-stack css-t6m009&quot;
          &gt;
            &lt;p
              class=&quot;chakra-text css-1ha3l18&quot;
            &gt;
              1000.00
            &lt;/p&gt;
            &lt;p
              class=&quot;chakra-text css-1q07xx5&quot;
            &gt;
              Net Value
            &lt;/p&gt;
          &lt;/div&gt;
          &lt;div
            class=&quot;chakra-stack css-wpcizc&quot;
          &gt;
            &lt;p
              class=&quot;chakra-text css-1ha3l18&quot;
            &gt;
              0.00%
            &lt;/p&gt;
            &lt;p
              class=&quot;chakra-text css-1q07xx5&quot;
            &gt;
              Net Rewards
            &lt;/p&gt;
          &lt;/div&gt;
        &lt;/div&gt;
        &lt;div
          class=&quot;chakra-stack css-wivjhq&quot;
        &gt;
          &lt;button
            class=&quot;chakra-button css-unw7z8&quot;
            type=&quot;button&quot;
          &gt;
            Deposit
          &lt;/button&gt;
        &lt;/div&gt;
      &lt;/div&gt;
      &lt;p
        class=&quot;chakra-text css-1r0qa90&quot;
      &gt;
        Alpha STETH dynamically reallocates stETH exposure across trusted DeFi protocols including Mellow&apos;s dvSTETH and Unichain to unlock reward potential in ETH-1
      &lt;/p&gt;
    &lt;/div&gt;
    &lt;span
      hidden=&quot;&quot;
      id=&quot;__chakra_env&quot;
    /&gt;
  &lt;/div&gt;
  &lt;div
    class=&quot;chakra-portal&quot;
  &gt;
    &lt;div
      aria-label=&quot;Notifications-top&quot;
      aria-live=&quot;polite&quot;
      id=&quot;chakra-toast-manager-top&quot;
      role=&quot;region&quot;
      style=&quot;position: fixed; z-index: var(--toast-z-index, 5500); pointer-events: none; display: flex; flex-direction: column; margin: 0px auto;&quot;
    /&gt;
    &lt;div
      aria-label=&quot;Notifications-top-left&quot;
      aria-live=&quot;polite&quot;
      id=&quot;chakra-toast-manager-top-left&quot;
      role=&quot;region&quot;
      style=&quot;position: fixed; z-index: var(--toast-z-index, 5500); pointer-events: none; display: flex; flex-direction: column;&quot;
    /&gt;
    &lt;div
      aria-label=&quot;Notifications-top-right&quot;
      aria-live=&quot;polite&quot;
      id=&quot;chakra-toast-manager-top-right&quot;
      role=&quot;region&quot;
      style=&quot;position: fixed; z-index: var(--toast-z-index, 5500); pointer-events: none; display: flex; flex-direction: column;&quot;
    /&gt;
    &lt;div
      aria-label=&quot;Notifications-bottom-left&quot;
      aria-live=&quot;polite&quot;
      id=&quot;chakra-toast-manager-bottom-left&quot;
      role=&quot;region&quot;
      style=&quot;position: fixed; z-index: var(--toast-z-index, 5500); pointer-events: none; display: flex; flex-direction: column;&quot;
    /&gt;
    &lt;div
      aria-label=&quot;Notifications-bottom&quot;
      aria-live=&quot;polite&quot;
      id=&quot;chakra-toast-manager-bottom&quot;
      role=&quot;region&quot;
      style=&quot;position: fixed; z-index: var(--toast-z-index, 5500); pointer-events: none; display: flex; flex-direction: column; margin: 0px auto;&quot;
    /&gt;
    &lt;div
      aria-label=&quot;Notifications-bottom-right&quot;
      aria-live=&quot;polite&quot;
      id=&quot;chakra-toast-manager-bottom-right&quot;
      role=&quot;region&quot;
      style=&quot;position: fixed; z-index: var(--toast-z-index, 5500); pointer-events: none; display: flex; flex-direction: column;&quot;
    /&gt;
  &lt;/div&gt;
&lt;/body&gt;
    at Object.getElementError (/Users/henriots/Desktop/projektid/SOMM/sommelier-strangelove/node_modules/.pnpm/@testing-library+dom@9.3.4/node_modules/@testing-library/dom/dist/config.js:37:19)
    at /Users/henriots/Desktop/projektid/SOMM/sommelier-strangelove/node_modules/.pnpm/@testing-library+dom@9.3.4/node_modules/@testing-library/dom/dist/query-helpers.js:76:38
    at /Users/henriots/Desktop/projektid/SOMM/sommelier-strangelove/node_modules/.pnpm/@testing-library+dom@9.3.4/node_modules/@testing-library/dom/dist/query-helpers.js:52:17
    at /Users/henriots/Desktop/projektid/SOMM/sommelier-strangelove/node_modules/.pnpm/@testing-library+dom@9.3.4/node_modules/@testing-library/dom/dist/query-helpers.js:95:19
    at Object.&lt;anonymous&gt; (/Users/henriots/Desktop/projektid/SOMM/sommelier-strangelove/src/__tests__/components/StrategyRow.spec.tsx:86:21)
    at Promise.then.completed (/Users/henriots/Desktop/projektid/SOMM/sommelier-strangelove/node_modules/.pnpm/jest-circus@29.7.0_babel-plugin-macros@3.1.0/node_modules/jest-circus/build/utils.js:298:28)
    at new Promise (&lt;anonymous&gt;)
    at callAsyncCircusFn (/Users/henriots/Desktop/projektid/SOMM/sommelier-strangelove/node_modules/.pnpm/jest-circus@29.7.0_babel-plugin-macros@3.1.0/node_modules/jest-circus/build/utils.js:231:10)
    at _callCircusTest (/Users/henriots/Desktop/projektid/SOMM/sommelier-strangelove/node_modules/.pnpm/jest-circus@29.7.0_babel-plugin-macros@3.1.0/node_modules/jest-circus/build/run.js:316:40)
    at processTicksAndRejections (node:internal/process/task_queues:95:5)
    at _runTest (/Users/henriots/Desktop/projektid/SOMM/sommelier-strangelove/node_modules/.pnpm/jest-circus@29.7.0_babel-plugin-macros@3.1.0/node_modules/jest-circus/build/run.js:252:3)
    at _runTestsForDescribeBlock (/Users/henriots/Desktop/projektid/SOMM/sommelier-strangelove/node_modules/.pnpm/jest-circus@29.7.0_babel-plugin-macros@3.1.0/node_modules/jest-circus/build/run.js:126:9)
    at _runTestsForDescribeBlock (/Users/henriots/Desktop/projektid/SOMM/sommelier-strangelove/node_modules/.pnpm/jest-circus@29.7.0_babel-plugin-macros@3.1.0/node_modules/jest-circus/build/run.js:121:9)
    at _runTestsForDescribeBlock (/Users/henriots/Desktop/projektid/SOMM/sommelier-strangelove/node_modules/.pnpm/jest-circus@29.7.0_babel-plugin-macros@3.1.0/node_modules/jest-circus/build/run.js:121:9)
    at run (/Users/henriots/Desktop/projektid/SOMM/sommelier-strangelove/node_modules/.pnpm/jest-circus@29.7.0_babel-plugin-macros@3.1.0/node_modules/jest-circus/build/run.js:71:3)
    at runAndTransformResultsToJestFormat (/Users/henriots/Desktop/projektid/SOMM/sommelier-strangelove/node_modules/.pnpm/jest-circus@29.7.0_babel-plugin-macros@3.1.0/node_modules/jest-circus/build/legacy-code-todo-rewrite/jestAdapterInit.js:122:21)
    at jestAdapter (/Users/henriots/Desktop/projektid/SOMM/sommelier-strangelove/node_modules/.pnpm/jest-circus@29.7.0_babel-plugin-macros@3.1.0/node_modules/jest-circus/build/legacy-code-todo-rewrite/jestAdapter.js:79:19)
    at runTestInternal (/Users/henriots/Desktop/projektid/SOMM/sommelier-strangelove/node_modules/.pnpm/jest-runner@29.7.0/node_modules/jest-runner/build/runTest.js:367:16)
    at runTest (/Users/henriots/Desktop/projektid/SOMM/sommelier-strangelove/node_modules/.pnpm/jest-runner@29.7.0/node_modules/jest-runner/build/runTest.js:444:34)
    at Object.worker (/Users/henriots/Desktop/projektid/SOMM/sommelier-strangelove/node_modules/.pnpm/jest-runner@29.7.0/node_modules/jest-runner/build/testWorker.js:106:12)</failure>
    </testcase>
    <testcase classname="StrategyRow Component Rendering should render Net Value correctly" name="StrategyRow Component Rendering should render Net Value correctly" time="0.01">
      <failure>TestingLibraryElementError: Unable to find an element with the text: $1000.00. This could be because the text is broken up by multiple elements. In this case, you can provide a function for your text matcher to make your matcher more flexible.

Ignored nodes: comments, script, style
&lt;body
  class=&quot;chakra-ui-light&quot;
&gt;
  &lt;div&gt;
    &lt;div
      class=&quot;css-0&quot;
    &gt;
      &lt;div
        class=&quot;css-1to5i6y&quot;
      &gt;
        &lt;div
          class=&quot;chakra-stack css-1o4zl6w&quot;
        &gt;
          &lt;img
            alt=&quot;Alpha STETH&quot;
            class=&quot;chakra-image css-1bk5ehr&quot;
            src=&quot;/assets/icons/alpha-steth.png&quot;
          /&gt;
          &lt;div
            class=&quot;chakra-stack css-17kk21j&quot;
          &gt;
            &lt;div
              class=&quot;chakra-stack css-9e4pda&quot;
            &gt;
              &lt;p
                class=&quot;chakra-text css-whmwud&quot;
              &gt;
                Alpha STETH
              &lt;/p&gt;
            &lt;/div&gt;
            &lt;div
              class=&quot;chakra-stack css-porbmv&quot;
            &gt;
              &lt;span
                class=&quot;chakra-badge css-osin99&quot;
              &gt;
                Somm-native
              &lt;/span&gt;
              &lt;div
                class=&quot;chakra-stack css-1ts6prr&quot;
              &gt;
                &lt;span
                  class=&quot;chakra-avatar css-1j60s3r&quot;
                &gt;
                  &lt;div
                    aria-label=&quot;Ethereum&quot;
                    class=&quot;chakra-avatar__initials css-1ebyn6&quot;
                    role=&quot;img&quot;
                  &gt;
                    E
                  &lt;/div&gt;
                &lt;/span&gt;
                &lt;p
                  class=&quot;chakra-text css-1qx2fap&quot;
                &gt;
                  Ethereum
                &lt;/p&gt;
              &lt;/div&gt;
            &lt;/div&gt;
            &lt;p
              class=&quot;chakra-text css-1ng6gdk&quot;
            &gt;
              Seven Seas
            &lt;/p&gt;
          &lt;/div&gt;
        &lt;/div&gt;
        &lt;div
          class=&quot;css-18adj5m&quot;
        &gt;
          &lt;div
            class=&quot;chakra-stack css-tlfujk&quot;
          &gt;
            &lt;p
              class=&quot;chakra-text css-1ha3l18&quot;
            &gt;
              231.86
            &lt;/p&gt;
            &lt;p
              class=&quot;chakra-text css-1q07xx5&quot;
            &gt;
              TVL
            &lt;/p&gt;
          &lt;/div&gt;
          &lt;div
            class=&quot;chakra-stack css-t6m009&quot;
          &gt;
            &lt;p
              class=&quot;chakra-text css-1ha3l18&quot;
            &gt;
              1000.00
            &lt;/p&gt;
            &lt;p
              class=&quot;chakra-text css-1q07xx5&quot;
            &gt;
              Net Value
            &lt;/p&gt;
          &lt;/div&gt;
          &lt;div
            class=&quot;chakra-stack css-wpcizc&quot;
          &gt;
            &lt;p
              class=&quot;chakra-text css-1ha3l18&quot;
            &gt;
              0.00%
            &lt;/p&gt;
            &lt;p
              class=&quot;chakra-text css-1q07xx5&quot;
            &gt;
              Net Rewards
            &lt;/p&gt;
          &lt;/div&gt;
        &lt;/div&gt;
        &lt;div
          class=&quot;chakra-stack css-wivjhq&quot;
        &gt;
          &lt;button
            class=&quot;chakra-button css-unw7z8&quot;
            type=&quot;button&quot;
          &gt;
            Deposit
          &lt;/button&gt;
        &lt;/div&gt;
      &lt;/div&gt;
      &lt;p
        class=&quot;chakra-text css-1r0qa90&quot;
      &gt;
        Alpha STETH dynamically reallocates stETH exposure across trusted DeFi protocols including Mellow&apos;s dvSTETH and Unichain to unlock reward potential in ETH-1
      &lt;/p&gt;
    &lt;/div&gt;
    &lt;span
      hidden=&quot;&quot;
      id=&quot;__chakra_env&quot;
    /&gt;
  &lt;/div&gt;
  &lt;div
    class=&quot;chakra-portal&quot;
  &gt;
    &lt;div
      aria-label=&quot;Notifications-top&quot;
      aria-live=&quot;polite&quot;
      id=&quot;chakra-toast-manager-top&quot;
      role=&quot;region&quot;
      style=&quot;position: fixed; z-index: var(--toast-z-index, 5500); pointer-events: none; display: flex; flex-direction: column; margin: 0px auto;&quot;
    /&gt;
    &lt;div
      aria-label=&quot;Notifications-top-left&quot;
      aria-live=&quot;polite&quot;
      id=&quot;chakra-toast-manager-top-left&quot;
      role=&quot;region&quot;
      style=&quot;position: fixed; z-index: var(--toast-z-index, 5500); pointer-events: none; display: flex; flex-direction: column;&quot;
    /&gt;
    &lt;div
      aria-label=&quot;Notifications-top-right&quot;
      aria-live=&quot;polite&quot;
      id=&quot;chakra-toast-manager-top-right&quot;
      role=&quot;region&quot;
      style=&quot;position: fixed; z-index: var(--toast-z-index, 5500); pointer-events: none; display: flex; flex-direction: column;&quot;
    /&gt;
    &lt;div
      aria-label=&quot;Notifications-bottom-left&quot;
      aria-live=&quot;polite&quot;
      id=&quot;chakra-toast-manager-bottom-left&quot;
      role=&quot;region&quot;
      style=&quot;position: fixed; z-index: var(--toast-z-index, 5500); pointer-events: none; display: flex; flex-direction: column;&quot;
    /&gt;
    &lt;div
      aria-label=&quot;Notifications-bottom&quot;
      aria-live=&quot;polite&quot;
      id=&quot;chakra-toast-manager-bottom&quot;
      role=&quot;region&quot;
      style=&quot;position: fixed; z-index: var(--toast-z-index, 5500); pointer-events: none; display: flex; flex-direction: column; margin: 0px auto;&quot;
    /&gt;
    &lt;div
      aria-label=&quot;Notifications-bottom-right&quot;
      aria-live=&quot;polite&quot;
      id=&quot;chakra-toast-manager-bottom-right&quot;
      role=&quot;region&quot;
      style=&quot;position: fixed; z-index: var(--toast-z-index, 5500); pointer-events: none; display: flex; flex-direction: column;&quot;
    /&gt;
  &lt;/div&gt;
&lt;/body&gt;
    at Object.getElementError (/Users/henriots/Desktop/projektid/SOMM/sommelier-strangelove/node_modules/.pnpm/@testing-library+dom@9.3.4/node_modules/@testing-library/dom/dist/config.js:37:19)
    at /Users/henriots/Desktop/projektid/SOMM/sommelier-strangelove/node_modules/.pnpm/@testing-library+dom@9.3.4/node_modules/@testing-library/dom/dist/query-helpers.js:76:38
    at /Users/henriots/Desktop/projektid/SOMM/sommelier-strangelove/node_modules/.pnpm/@testing-library+dom@9.3.4/node_modules/@testing-library/dom/dist/query-helpers.js:52:17
    at /Users/henriots/Desktop/projektid/SOMM/sommelier-strangelove/node_modules/.pnpm/@testing-library+dom@9.3.4/node_modules/@testing-library/dom/dist/query-helpers.js:95:19
    at Object.&lt;anonymous&gt; (/Users/henriots/Desktop/projektid/SOMM/sommelier-strangelove/src/__tests__/components/StrategyRow.spec.tsx:91:21)
    at Promise.then.completed (/Users/henriots/Desktop/projektid/SOMM/sommelier-strangelove/node_modules/.pnpm/jest-circus@29.7.0_babel-plugin-macros@3.1.0/node_modules/jest-circus/build/utils.js:298:28)
    at new Promise (&lt;anonymous&gt;)
    at callAsyncCircusFn (/Users/henriots/Desktop/projektid/SOMM/sommelier-strangelove/node_modules/.pnpm/jest-circus@29.7.0_babel-plugin-macros@3.1.0/node_modules/jest-circus/build/utils.js:231:10)
    at _callCircusTest (/Users/henriots/Desktop/projektid/SOMM/sommelier-strangelove/node_modules/.pnpm/jest-circus@29.7.0_babel-plugin-macros@3.1.0/node_modules/jest-circus/build/run.js:316:40)
    at processTicksAndRejections (node:internal/process/task_queues:95:5)
    at _runTest (/Users/henriots/Desktop/projektid/SOMM/sommelier-strangelove/node_modules/.pnpm/jest-circus@29.7.0_babel-plugin-macros@3.1.0/node_modules/jest-circus/build/run.js:252:3)
    at _runTestsForDescribeBlock (/Users/henriots/Desktop/projektid/SOMM/sommelier-strangelove/node_modules/.pnpm/jest-circus@29.7.0_babel-plugin-macros@3.1.0/node_modules/jest-circus/build/run.js:126:9)
    at _runTestsForDescribeBlock (/Users/henriots/Desktop/projektid/SOMM/sommelier-strangelove/node_modules/.pnpm/jest-circus@29.7.0_babel-plugin-macros@3.1.0/node_modules/jest-circus/build/run.js:121:9)
    at _runTestsForDescribeBlock (/Users/henriots/Desktop/projektid/SOMM/sommelier-strangelove/node_modules/.pnpm/jest-circus@29.7.0_babel-plugin-macros@3.1.0/node_modules/jest-circus/build/run.js:121:9)
    at run (/Users/henriots/Desktop/projektid/SOMM/sommelier-strangelove/node_modules/.pnpm/jest-circus@29.7.0_babel-plugin-macros@3.1.0/node_modules/jest-circus/build/run.js:71:3)
    at runAndTransformResultsToJestFormat (/Users/henriots/Desktop/projektid/SOMM/sommelier-strangelove/node_modules/.pnpm/jest-circus@29.7.0_babel-plugin-macros@3.1.0/node_modules/jest-circus/build/legacy-code-todo-rewrite/jestAdapterInit.js:122:21)
    at jestAdapter (/Users/henriots/Desktop/projektid/SOMM/sommelier-strangelove/node_modules/.pnpm/jest-circus@29.7.0_babel-plugin-macros@3.1.0/node_modules/jest-circus/build/legacy-code-todo-rewrite/jestAdapter.js:79:19)
    at runTestInternal (/Users/henriots/Desktop/projektid/SOMM/sommelier-strangelove/node_modules/.pnpm/jest-runner@29.7.0/node_modules/jest-runner/build/runTest.js:367:16)
    at runTest (/Users/henriots/Desktop/projektid/SOMM/sommelier-strangelove/node_modules/.pnpm/jest-runner@29.7.0/node_modules/jest-runner/build/runTest.js:444:34)
    at Object.worker (/Users/henriots/Desktop/projektid/SOMM/sommelier-strangelove/node_modules/.pnpm/jest-runner@29.7.0/node_modules/jest-runner/build/testWorker.js:106:12)</failure>
    </testcase>
    <testcase classname="StrategyRow Component Rendering should render Net Rewards correctly" name="StrategyRow Component Rendering should render Net Rewards correctly" time="0.01">
    </testcase>
    <testcase classname="StrategyRow Component Rendering should render description correctly" name="StrategyRow Component Rendering should render description correctly" time="0.008">
    </testcase>
    <testcase classname="StrategyRow Responsive Design should have responsive grid layout" name="StrategyRow Responsive Design should have responsive grid layout" time="0.012">
      <failure>Error: expect(received).toHaveStyle()

received value must be an HTMLElement or an SVGElement.
Received has value: null
    at __EXTERNAL_MATCHER_TRAP__ (/Users/henriots/Desktop/projektid/SOMM/sommelier-strangelove/node_modules/.pnpm/expect@29.7.0/node_modules/expect/build/index.js:325:30)
    at Object.throwingMatcher [as toHaveStyle] (/Users/henriots/Desktop/projektid/SOMM/sommelier-strangelove/node_modules/.pnpm/expect@29.7.0/node_modules/expect/build/index.js:326:15)
    at Object.&lt;anonymous&gt; (/Users/henriots/Desktop/projektid/SOMM/sommelier-strangelove/src/__tests__/components/StrategyRow.spec.tsx:114:20)
    at Promise.then.completed (/Users/henriots/Desktop/projektid/SOMM/sommelier-strangelove/node_modules/.pnpm/jest-circus@29.7.0_babel-plugin-macros@3.1.0/node_modules/jest-circus/build/utils.js:298:28)
    at new Promise (&lt;anonymous&gt;)
    at callAsyncCircusFn (/Users/henriots/Desktop/projektid/SOMM/sommelier-strangelove/node_modules/.pnpm/jest-circus@29.7.0_babel-plugin-macros@3.1.0/node_modules/jest-circus/build/utils.js:231:10)
    at _callCircusTest (/Users/henriots/Desktop/projektid/SOMM/sommelier-strangelove/node_modules/.pnpm/jest-circus@29.7.0_babel-plugin-macros@3.1.0/node_modules/jest-circus/build/run.js:316:40)
    at processTicksAndRejections (node:internal/process/task_queues:95:5)
    at _runTest (/Users/henriots/Desktop/projektid/SOMM/sommelier-strangelove/node_modules/.pnpm/jest-circus@29.7.0_babel-plugin-macros@3.1.0/node_modules/jest-circus/build/run.js:252:3)
    at _runTestsForDescribeBlock (/Users/henriots/Desktop/projektid/SOMM/sommelier-strangelove/node_modules/.pnpm/jest-circus@29.7.0_babel-plugin-macros@3.1.0/node_modules/jest-circus/build/run.js:126:9)
    at _runTestsForDescribeBlock (/Users/henriots/Desktop/projektid/SOMM/sommelier-strangelove/node_modules/.pnpm/jest-circus@29.7.0_babel-plugin-macros@3.1.0/node_modules/jest-circus/build/run.js:121:9)
    at _runTestsForDescribeBlock (/Users/henriots/Desktop/projektid/SOMM/sommelier-strangelove/node_modules/.pnpm/jest-circus@29.7.0_babel-plugin-macros@3.1.0/node_modules/jest-circus/build/run.js:121:9)
    at run (/Users/henriots/Desktop/projektid/SOMM/sommelier-strangelove/node_modules/.pnpm/jest-circus@29.7.0_babel-plugin-macros@3.1.0/node_modules/jest-circus/build/run.js:71:3)
    at runAndTransformResultsToJestFormat (/Users/henriots/Desktop/projektid/SOMM/sommelier-strangelove/node_modules/.pnpm/jest-circus@29.7.0_babel-plugin-macros@3.1.0/node_modules/jest-circus/build/legacy-code-todo-rewrite/jestAdapterInit.js:122:21)
    at jestAdapter (/Users/henriots/Desktop/projektid/SOMM/sommelier-strangelove/node_modules/.pnpm/jest-circus@29.7.0_babel-plugin-macros@3.1.0/node_modules/jest-circus/build/legacy-code-todo-rewrite/jestAdapter.js:79:19)
    at runTestInternal (/Users/henriots/Desktop/projektid/SOMM/sommelier-strangelove/node_modules/.pnpm/jest-runner@29.7.0/node_modules/jest-runner/build/runTest.js:367:16)
    at runTest (/Users/henriots/Desktop/projektid/SOMM/sommelier-strangelove/node_modules/.pnpm/jest-runner@29.7.0/node_modules/jest-runner/build/runTest.js:444:34)
    at Object.worker (/Users/henriots/Desktop/projektid/SOMM/sommelier-strangelove/node_modules/.pnpm/jest-runner@29.7.0/node_modules/jest-runner/build/testWorker.js:106:12)</failure>
    </testcase>
    <testcase classname="StrategyRow Responsive Design should have responsive image sizing" name="StrategyRow Responsive Design should have responsive image sizing" time="0.01">
      <failure>Error: expect(element).toHaveAttribute(&quot;width&quot;, StringMatching /32|40/) // element.getAttribute(&quot;width&quot;) === StringMatching /32|40/

Expected the element to have attribute:
  width=StringMatching /32|40/
Received:
  null
    at Object.&lt;anonymous&gt; (/Users/henriots/Desktop/projektid/SOMM/sommelier-strangelove/src/__tests__/components/StrategyRow.spec.tsx:123:21)
    at Promise.then.completed (/Users/henriots/Desktop/projektid/SOMM/sommelier-strangelove/node_modules/.pnpm/jest-circus@29.7.0_babel-plugin-macros@3.1.0/node_modules/jest-circus/build/utils.js:298:28)
    at new Promise (&lt;anonymous&gt;)
    at callAsyncCircusFn (/Users/henriots/Desktop/projektid/SOMM/sommelier-strangelove/node_modules/.pnpm/jest-circus@29.7.0_babel-plugin-macros@3.1.0/node_modules/jest-circus/build/utils.js:231:10)
    at _callCircusTest (/Users/henriots/Desktop/projektid/SOMM/sommelier-strangelove/node_modules/.pnpm/jest-circus@29.7.0_babel-plugin-macros@3.1.0/node_modules/jest-circus/build/run.js:316:40)
    at processTicksAndRejections (node:internal/process/task_queues:95:5)
    at _runTest (/Users/henriots/Desktop/projektid/SOMM/sommelier-strangelove/node_modules/.pnpm/jest-circus@29.7.0_babel-plugin-macros@3.1.0/node_modules/jest-circus/build/run.js:252:3)
    at _runTestsForDescribeBlock (/Users/henriots/Desktop/projektid/SOMM/sommelier-strangelove/node_modules/.pnpm/jest-circus@29.7.0_babel-plugin-macros@3.1.0/node_modules/jest-circus/build/run.js:126:9)
    at _runTestsForDescribeBlock (/Users/henriots/Desktop/projektid/SOMM/sommelier-strangelove/node_modules/.pnpm/jest-circus@29.7.0_babel-plugin-macros@3.1.0/node_modules/jest-circus/build/run.js:121:9)
    at _runTestsForDescribeBlock (/Users/henriots/Desktop/projektid/SOMM/sommelier-strangelove/node_modules/.pnpm/jest-circus@29.7.0_babel-plugin-macros@3.1.0/node_modules/jest-circus/build/run.js:121:9)
    at run (/Users/henriots/Desktop/projektid/SOMM/sommelier-strangelove/node_modules/.pnpm/jest-circus@29.7.0_babel-plugin-macros@3.1.0/node_modules/jest-circus/build/run.js:71:3)
    at runAndTransformResultsToJestFormat (/Users/henriots/Desktop/projektid/SOMM/sommelier-strangelove/node_modules/.pnpm/jest-circus@29.7.0_babel-plugin-macros@3.1.0/node_modules/jest-circus/build/legacy-code-todo-rewrite/jestAdapterInit.js:122:21)
    at jestAdapter (/Users/henriots/Desktop/projektid/SOMM/sommelier-strangelove/node_modules/.pnpm/jest-circus@29.7.0_babel-plugin-macros@3.1.0/node_modules/jest-circus/build/legacy-code-todo-rewrite/jestAdapter.js:79:19)
    at runTestInternal (/Users/henriots/Desktop/projektid/SOMM/sommelier-strangelove/node_modules/.pnpm/jest-runner@29.7.0/node_modules/jest-runner/build/runTest.js:367:16)
    at runTest (/Users/henriots/Desktop/projektid/SOMM/sommelier-strangelove/node_modules/.pnpm/jest-runner@29.7.0/node_modules/jest-runner/build/runTest.js:444:34)
    at Object.worker (/Users/henriots/Desktop/projektid/SOMM/sommelier-strangelove/node_modules/.pnpm/jest-runner@29.7.0/node_modules/jest-runner/build/testWorker.js:106:12)</failure>
    </testcase>
    <testcase classname="StrategyRow Responsive Design should have responsive font sizes" name="StrategyRow Responsive Design should have responsive font sizes" time="0.009">
    </testcase>
    <testcase classname="StrategyRow Responsive Design should have responsive spacing" name="StrategyRow Responsive Design should have responsive spacing" time="0.009">
    </testcase>
    <testcase classname="StrategyRow KPI Grid Layout should render KPI grid with three columns" name="StrategyRow KPI Grid Layout should render KPI grid with three columns" time="0.01">
    </testcase>
    <testcase classname="StrategyRow KPI Grid Layout should have horizontal KPI layout on mobile" name="StrategyRow KPI Grid Layout should have horizontal KPI layout on mobile" time="0.009">
      <failure>Error: expect(received).toHaveStyle()

received value must be an HTMLElement or an SVGElement.
Received has value: null
    at __EXTERNAL_MATCHER_TRAP__ (/Users/henriots/Desktop/projektid/SOMM/sommelier-strangelove/node_modules/.pnpm/expect@29.7.0/node_modules/expect/build/index.js:325:30)
    at Object.throwingMatcher [as toHaveStyle] (/Users/henriots/Desktop/projektid/SOMM/sommelier-strangelove/node_modules/.pnpm/expect@29.7.0/node_modules/expect/build/index.js:326:15)
    at Object.&lt;anonymous&gt; (/Users/henriots/Desktop/projektid/SOMM/sommelier-strangelove/src/__tests__/components/StrategyRow.spec.tsx:166:23)
    at Promise.then.completed (/Users/henriots/Desktop/projektid/SOMM/sommelier-strangelove/node_modules/.pnpm/jest-circus@29.7.0_babel-plugin-macros@3.1.0/node_modules/jest-circus/build/utils.js:298:28)
    at new Promise (&lt;anonymous&gt;)
    at callAsyncCircusFn (/Users/henriots/Desktop/projektid/SOMM/sommelier-strangelove/node_modules/.pnpm/jest-circus@29.7.0_babel-plugin-macros@3.1.0/node_modules/jest-circus/build/utils.js:231:10)
    at _callCircusTest (/Users/henriots/Desktop/projektid/SOMM/sommelier-strangelove/node_modules/.pnpm/jest-circus@29.7.0_babel-plugin-macros@3.1.0/node_modules/jest-circus/build/run.js:316:40)
    at processTicksAndRejections (node:internal/process/task_queues:95:5)
    at _runTest (/Users/henriots/Desktop/projektid/SOMM/sommelier-strangelove/node_modules/.pnpm/jest-circus@29.7.0_babel-plugin-macros@3.1.0/node_modules/jest-circus/build/run.js:252:3)
    at _runTestsForDescribeBlock (/Users/henriots/Desktop/projektid/SOMM/sommelier-strangelove/node_modules/.pnpm/jest-circus@29.7.0_babel-plugin-macros@3.1.0/node_modules/jest-circus/build/run.js:126:9)
    at _runTestsForDescribeBlock (/Users/henriots/Desktop/projektid/SOMM/sommelier-strangelove/node_modules/.pnpm/jest-circus@29.7.0_babel-plugin-macros@3.1.0/node_modules/jest-circus/build/run.js:121:9)
    at _runTestsForDescribeBlock (/Users/henriots/Desktop/projektid/SOMM/sommelier-strangelove/node_modules/.pnpm/jest-circus@29.7.0_babel-plugin-macros@3.1.0/node_modules/jest-circus/build/run.js:121:9)
    at run (/Users/henriots/Desktop/projektid/SOMM/sommelier-strangelove/node_modules/.pnpm/jest-circus@29.7.0_babel-plugin-macros@3.1.0/node_modules/jest-circus/build/run.js:71:3)
    at runAndTransformResultsToJestFormat (/Users/henriots/Desktop/projektid/SOMM/sommelier-strangelove/node_modules/.pnpm/jest-circus@29.7.0_babel-plugin-macros@3.1.0/node_modules/jest-circus/build/legacy-code-todo-rewrite/jestAdapterInit.js:122:21)
    at jestAdapter (/Users/henriots/Desktop/projektid/SOMM/sommelier-strangelove/node_modules/.pnpm/jest-circus@29.7.0_babel-plugin-macros@3.1.0/node_modules/jest-circus/build/legacy-code-todo-rewrite/jestAdapter.js:79:19)
    at runTestInternal (/Users/henriots/Desktop/projektid/SOMM/sommelier-strangelove/node_modules/.pnpm/jest-runner@29.7.0/node_modules/jest-runner/build/runTest.js:367:16)
    at runTest (/Users/henriots/Desktop/projektid/SOMM/sommelier-strangelove/node_modules/.pnpm/jest-runner@29.7.0/node_modules/jest-runner/build/runTest.js:444:34)
    at Object.worker (/Users/henriots/Desktop/projektid/SOMM/sommelier-strangelove/node_modules/.pnpm/jest-runner@29.7.0/node_modules/jest-runner/build/testWorker.js:106:12)</failure>
    </testcase>
    <testcase classname="StrategyRow Action Button should render &quot;Connect wallet to deposit&quot; when not connected" name="StrategyRow Action Button should render &quot;Connect wallet to deposit&quot; when not connected" time="0.009">
      <failure>TestingLibraryElementError: Unable to find an element with the text: Connect wallet to deposit. This could be because the text is broken up by multiple elements. In this case, you can provide a function for your text matcher to make your matcher more flexible.

Ignored nodes: comments, script, style
&lt;body
  class=&quot;chakra-ui-light&quot;
&gt;
  &lt;div&gt;
    &lt;div
      class=&quot;css-0&quot;
    &gt;
      &lt;div
        class=&quot;css-1to5i6y&quot;
      &gt;
        &lt;div
          class=&quot;chakra-stack css-1o4zl6w&quot;
        &gt;
          &lt;img
            alt=&quot;Alpha STETH&quot;
            class=&quot;chakra-image css-1bk5ehr&quot;
            src=&quot;/assets/icons/alpha-steth.png&quot;
          /&gt;
          &lt;div
            class=&quot;chakra-stack css-17kk21j&quot;
          &gt;
            &lt;div
              class=&quot;chakra-stack css-9e4pda&quot;
            &gt;
              &lt;p
                class=&quot;chakra-text css-whmwud&quot;
              &gt;
                Alpha STETH
              &lt;/p&gt;
            &lt;/div&gt;
            &lt;div
              class=&quot;chakra-stack css-porbmv&quot;
            &gt;
              &lt;span
                class=&quot;chakra-badge css-osin99&quot;
              &gt;
                Somm-native
              &lt;/span&gt;
              &lt;div
                class=&quot;chakra-stack css-1ts6prr&quot;
              &gt;
                &lt;span
                  class=&quot;chakra-avatar css-1j60s3r&quot;
                &gt;
                  &lt;div
                    aria-label=&quot;Ethereum&quot;
                    class=&quot;chakra-avatar__initials css-1ebyn6&quot;
                    role=&quot;img&quot;
                  &gt;
                    E
                  &lt;/div&gt;
                &lt;/span&gt;
                &lt;p
                  class=&quot;chakra-text css-1qx2fap&quot;
                &gt;
                  Ethereum
                &lt;/p&gt;
              &lt;/div&gt;
            &lt;/div&gt;
            &lt;p
              class=&quot;chakra-text css-1ng6gdk&quot;
            &gt;
              Seven Seas
            &lt;/p&gt;
          &lt;/div&gt;
        &lt;/div&gt;
        &lt;div
          class=&quot;css-18adj5m&quot;
        &gt;
          &lt;div
            class=&quot;chakra-stack css-tlfujk&quot;
          &gt;
            &lt;p
              class=&quot;chakra-text css-1ha3l18&quot;
            &gt;
              231.86
            &lt;/p&gt;
            &lt;p
              class=&quot;chakra-text css-1q07xx5&quot;
            &gt;
              TVL
            &lt;/p&gt;
          &lt;/div&gt;
          &lt;div
            class=&quot;chakra-stack css-t6m009&quot;
          &gt;
            &lt;p
              class=&quot;chakra-text css-1ha3l18&quot;
            &gt;
              1000.00
            &lt;/p&gt;
            &lt;p
              class=&quot;chakra-text css-1q07xx5&quot;
            &gt;
              Net Value
            &lt;/p&gt;
          &lt;/div&gt;
          &lt;div
            class=&quot;chakra-stack css-wpcizc&quot;
          &gt;
            &lt;p
              class=&quot;chakra-text css-1ha3l18&quot;
            &gt;
              0.00%
            &lt;/p&gt;
            &lt;p
              class=&quot;chakra-text css-1q07xx5&quot;
            &gt;
              Net Rewards
            &lt;/p&gt;
          &lt;/div&gt;
        &lt;/div&gt;
        &lt;div
          class=&quot;chakra-stack css-wivjhq&quot;
        &gt;
          &lt;button
            class=&quot;chakra-button css-unw7z8&quot;
            type=&quot;button&quot;
          &gt;
            Deposit
          &lt;/button&gt;
        &lt;/div&gt;
      &lt;/div&gt;
      &lt;p
        class=&quot;chakra-text css-1r0qa90&quot;
      &gt;
        Alpha STETH dynamically reallocates stETH exposure across trusted DeFi protocols including Mellow&apos;s dvSTETH and Unichain to unlock reward potential in ETH-1
      &lt;/p&gt;
    &lt;/div&gt;
    &lt;span
      hidden=&quot;&quot;
      id=&quot;__chakra_env&quot;
    /&gt;
  &lt;/div&gt;
  &lt;div
    class=&quot;chakra-portal&quot;
  &gt;
    &lt;div
      aria-label=&quot;Notifications-top&quot;
      aria-live=&quot;polite&quot;
      id=&quot;chakra-toast-manager-top&quot;
      role=&quot;region&quot;
      style=&quot;position: fixed; z-index: var(--toast-z-index, 5500); pointer-events: none; display: flex; flex-direction: column; margin: 0px auto;&quot;
    /&gt;
    &lt;div
      aria-label=&quot;Notifications-top-left&quot;
      aria-live=&quot;polite&quot;
      id=&quot;chakra-toast-manager-top-left&quot;
      role=&quot;region&quot;
      style=&quot;position: fixed; z-index: var(--toast-z-index, 5500); pointer-events: none; display: flex; flex-direction: column;&quot;
    /&gt;
    &lt;div
      aria-label=&quot;Notifications-top-right&quot;
      aria-live=&quot;polite&quot;
      id=&quot;chakra-toast-manager-top-right&quot;
      role=&quot;region&quot;
      style=&quot;position: fixed; z-index: var(--toast-z-index, 5500); pointer-events: none; display: flex; flex-direction: column;&quot;
    /&gt;
    &lt;div
      aria-label=&quot;Notifications-bottom-left&quot;
      aria-live=&quot;polite&quot;
      id=&quot;chakra-toast-manager-bottom-left&quot;
      role=&quot;region&quot;
      style=&quot;position: fixed; z-index: var(--toast-z-index, 5500); pointer-events: none; display: flex; flex-direction: column;&quot;
    /&gt;
    &lt;div
      aria-label=&quot;Notifications-bottom&quot;
      aria-live=&quot;polite&quot;
      id=&quot;chakra-toast-manager-bottom&quot;
      role=&quot;region&quot;
      style=&quot;position: fixed; z-index: var(--toast-z-index, 5500); pointer-events: none; display: flex; flex-direction: column; margin: 0px auto;&quot;
    /&gt;
    &lt;div
      aria-label=&quot;Notifications-bottom-right&quot;
      aria-live=&quot;polite&quot;
      id=&quot;chakra-toast-manager-bottom-right&quot;
      role=&quot;region&quot;
      style=&quot;position: fixed; z-index: var(--toast-z-index, 5500); pointer-events: none; display: flex; flex-direction: column;&quot;
    /&gt;
  &lt;/div&gt;
&lt;/body&gt;
    at Object.getElementError (/Users/henriots/Desktop/projektid/SOMM/sommelier-strangelove/node_modules/.pnpm/@testing-library+dom@9.3.4/node_modules/@testing-library/dom/dist/config.js:37:19)
    at /Users/henriots/Desktop/projektid/SOMM/sommelier-strangelove/node_modules/.pnpm/@testing-library+dom@9.3.4/node_modules/@testing-library/dom/dist/query-helpers.js:76:38
    at /Users/henriots/Desktop/projektid/SOMM/sommelier-strangelove/node_modules/.pnpm/@testing-library+dom@9.3.4/node_modules/@testing-library/dom/dist/query-helpers.js:52:17
    at /Users/henriots/Desktop/projektid/SOMM/sommelier-strangelove/node_modules/.pnpm/@testing-library+dom@9.3.4/node_modules/@testing-library/dom/dist/query-helpers.js:95:19
    at Object.&lt;anonymous&gt; (/Users/henriots/Desktop/projektid/SOMM/sommelier-strangelove/src/__tests__/components/StrategyRow.spec.tsx:186:16)
    at Promise.then.completed (/Users/henriots/Desktop/projektid/SOMM/sommelier-strangelove/node_modules/.pnpm/jest-circus@29.7.0_babel-plugin-macros@3.1.0/node_modules/jest-circus/build/utils.js:298:28)
    at new Promise (&lt;anonymous&gt;)
    at callAsyncCircusFn (/Users/henriots/Desktop/projektid/SOMM/sommelier-strangelove/node_modules/.pnpm/jest-circus@29.7.0_babel-plugin-macros@3.1.0/node_modules/jest-circus/build/utils.js:231:10)
    at _callCircusTest (/Users/henriots/Desktop/projektid/SOMM/sommelier-strangelove/node_modules/.pnpm/jest-circus@29.7.0_babel-plugin-macros@3.1.0/node_modules/jest-circus/build/run.js:316:40)
    at processTicksAndRejections (node:internal/process/task_queues:95:5)
    at _runTest (/Users/henriots/Desktop/projektid/SOMM/sommelier-strangelove/node_modules/.pnpm/jest-circus@29.7.0_babel-plugin-macros@3.1.0/node_modules/jest-circus/build/run.js:252:3)
    at _runTestsForDescribeBlock (/Users/henriots/Desktop/projektid/SOMM/sommelier-strangelove/node_modules/.pnpm/jest-circus@29.7.0_babel-plugin-macros@3.1.0/node_modules/jest-circus/build/run.js:126:9)
    at _runTestsForDescribeBlock (/Users/henriots/Desktop/projektid/SOMM/sommelier-strangelove/node_modules/.pnpm/jest-circus@29.7.0_babel-plugin-macros@3.1.0/node_modules/jest-circus/build/run.js:121:9)
    at _runTestsForDescribeBlock (/Users/henriots/Desktop/projektid/SOMM/sommelier-strangelove/node_modules/.pnpm/jest-circus@29.7.0_babel-plugin-macros@3.1.0/node_modules/jest-circus/build/run.js:121:9)
    at run (/Users/henriots/Desktop/projektid/SOMM/sommelier-strangelove/node_modules/.pnpm/jest-circus@29.7.0_babel-plugin-macros@3.1.0/node_modules/jest-circus/build/run.js:71:3)
    at runAndTransformResultsToJestFormat (/Users/henriots/Desktop/projektid/SOMM/sommelier-strangelove/node_modules/.pnpm/jest-circus@29.7.0_babel-plugin-macros@3.1.0/node_modules/jest-circus/build/legacy-code-todo-rewrite/jestAdapterInit.js:122:21)
    at jestAdapter (/Users/henriots/Desktop/projektid/SOMM/sommelier-strangelove/node_modules/.pnpm/jest-circus@29.7.0_babel-plugin-macros@3.1.0/node_modules/jest-circus/build/legacy-code-todo-rewrite/jestAdapter.js:79:19)
    at runTestInternal (/Users/henriots/Desktop/projektid/SOMM/sommelier-strangelove/node_modules/.pnpm/jest-runner@29.7.0/node_modules/jest-runner/build/runTest.js:367:16)
    at runTest (/Users/henriots/Desktop/projektid/SOMM/sommelier-strangelove/node_modules/.pnpm/jest-runner@29.7.0/node_modules/jest-runner/build/runTest.js:444:34)
    at Object.worker (/Users/henriots/Desktop/projektid/SOMM/sommelier-strangelove/node_modules/.pnpm/jest-runner@29.7.0/node_modules/jest-runner/build/testWorker.js:106:12)</failure>
    </testcase>
    <testcase classname="StrategyRow Action Button should render &quot;Deposit&quot; button when connected" name="StrategyRow Action Button should render &quot;Deposit&quot; button when connected" time="0.009">
    </testcase>
    <testcase classname="StrategyRow Action Button should have responsive button sizing" name="StrategyRow Action Button should have responsive button sizing" time="0.008">
    </testcase>
    <testcase classname="StrategyRow Error Handling should handle missing vault name gracefully" name="StrategyRow Error Handling should handle missing vault name gracefully" time="0.009">
    </testcase>
    <testcase classname="StrategyRow Error Handling should handle missing provider gracefully" name="StrategyRow Error Handling should handle missing provider gracefully" time="0.009">
    </testcase>
    <testcase classname="StrategyRow Error Handling should handle missing TVL gracefully" name="StrategyRow Error Handling should handle missing TVL gracefully" time="0.009">
    </testcase>
    <testcase classname="StrategyRow Error Handling should handle missing rewards gracefully" name="StrategyRow Error Handling should handle missing rewards gracefully" time="0.008">
    </testcase>
    <testcase classname="StrategyRow Error Handling should handle missing chain config gracefully" name="StrategyRow Error Handling should handle missing chain config gracefully" time="0.006">
    </testcase>
    <testcase classname="StrategyRow Error Handling should handle missing description gracefully" name="StrategyRow Error Handling should handle missing description gracefully" time="0.009">
    </testcase>
    <testcase classname="StrategyRow Data Display should display fallback values when data is missing" name="StrategyRow Data Display should display fallback values when data is missing" time="0.008">
    </testcase>
    <testcase classname="StrategyRow Data Display should handle zero values correctly" name="StrategyRow Data Display should handle zero values correctly" time="0.01">
      <failure>TestingLibraryElementError: Unable to find an element with the text: (t) =&gt; t.trim() === &quot;$0&quot; || t.trim() === &quot;0&quot;. This could be because the text is broken up by multiple elements. In this case, you can provide a function for your text matcher to make your matcher more flexible.

Ignored nodes: comments, script, style
&lt;body
  class=&quot;chakra-ui-light&quot;
&gt;
  &lt;div&gt;
    &lt;div
      class=&quot;css-0&quot;
    &gt;
      &lt;div
        class=&quot;css-1to5i6y&quot;
      &gt;
        &lt;div
          class=&quot;chakra-stack css-1o4zl6w&quot;
        &gt;
          &lt;img
            alt=&quot;Alpha STETH&quot;
            class=&quot;chakra-image css-1bk5ehr&quot;
            src=&quot;/assets/icons/alpha-steth.png&quot;
          /&gt;
          &lt;div
            class=&quot;chakra-stack css-17kk21j&quot;
          &gt;
            &lt;div
              class=&quot;chakra-stack css-9e4pda&quot;
            &gt;
              &lt;p
                class=&quot;chakra-text css-whmwud&quot;
              &gt;
                Alpha STETH
              &lt;/p&gt;
            &lt;/div&gt;
            &lt;div
              class=&quot;chakra-stack css-porbmv&quot;
            &gt;
              &lt;span
                class=&quot;chakra-badge css-osin99&quot;
              &gt;
                Somm-native
              &lt;/span&gt;
              &lt;div
                class=&quot;chakra-stack css-1ts6prr&quot;
              &gt;
                &lt;span
                  class=&quot;chakra-avatar css-1j60s3r&quot;
                &gt;
                  &lt;div
                    aria-label=&quot;Ethereum&quot;
                    class=&quot;chakra-avatar__initials css-1ebyn6&quot;
                    role=&quot;img&quot;
                  &gt;
                    E
                  &lt;/div&gt;
                &lt;/span&gt;
                &lt;p
                  class=&quot;chakra-text css-1qx2fap&quot;
                &gt;
                  Ethereum
                &lt;/p&gt;
              &lt;/div&gt;
            &lt;/div&gt;
            &lt;p
              class=&quot;chakra-text css-1ng6gdk&quot;
            &gt;
              Seven Seas
            &lt;/p&gt;
          &lt;/div&gt;
        &lt;/div&gt;
        &lt;div
          class=&quot;css-18adj5m&quot;
        &gt;
          &lt;div
            class=&quot;chakra-stack css-tlfujk&quot;
          &gt;
            &lt;p
              class=&quot;chakra-text css-1ha3l18&quot;
            &gt;
              –
            &lt;/p&gt;
            &lt;p
              class=&quot;chakra-text css-1q07xx5&quot;
            &gt;
              TVL
            &lt;/p&gt;
          &lt;/div&gt;
          &lt;div
            class=&quot;chakra-stack css-t6m009&quot;
          &gt;
            &lt;p
              class=&quot;chakra-text css-1ha3l18&quot;
            &gt;
              1000.00
            &lt;/p&gt;
            &lt;p
              class=&quot;chakra-text css-1q07xx5&quot;
            &gt;
              Net Value
            &lt;/p&gt;
          &lt;/div&gt;
          &lt;div
            class=&quot;chakra-stack css-wpcizc&quot;
          &gt;
            &lt;p
              class=&quot;chakra-text css-1ha3l18&quot;
            &gt;
              0.00%
            &lt;/p&gt;
            &lt;p
              class=&quot;chakra-text css-1q07xx5&quot;
            &gt;
              Net Rewards
            &lt;/p&gt;
          &lt;/div&gt;
        &lt;/div&gt;
        &lt;div
          class=&quot;chakra-stack css-wivjhq&quot;
        &gt;
          &lt;button
            class=&quot;chakra-button css-unw7z8&quot;
            type=&quot;button&quot;
          &gt;
            Deposit
          &lt;/button&gt;
        &lt;/div&gt;
      &lt;/div&gt;
      &lt;p
        class=&quot;chakra-text css-1r0qa90&quot;
      &gt;
        Alpha STETH dynamically reallocates stETH exposure across trusted DeFi protocols including Mellow&apos;s dvSTETH and Unichain to unlock reward potential in ETH-1
      &lt;/p&gt;
    &lt;/div&gt;
    &lt;span
      hidden=&quot;&quot;
      id=&quot;__chakra_env&quot;
    /&gt;
  &lt;/div&gt;
  &lt;div
    class=&quot;chakra-portal&quot;
  &gt;
    &lt;div
      aria-label=&quot;Notifications-top&quot;
      aria-live=&quot;polite&quot;
      id=&quot;chakra-toast-manager-top&quot;
      role=&quot;region&quot;
      style=&quot;position: fixed; z-index: var(--toast-z-index, 5500); pointer-events: none; display: flex; flex-direction: column; margin: 0px auto;&quot;
    /&gt;
    &lt;div
      aria-label=&quot;Notifications-top-left&quot;
      aria-live=&quot;polite&quot;
      id=&quot;chakra-toast-manager-top-left&quot;
      role=&quot;region&quot;
      style=&quot;position: fixed; z-index: var(--toast-z-index, 5500); pointer-events: none; display: flex; flex-direction: column;&quot;
    /&gt;
    &lt;div
      aria-label=&quot;Notifications-top-right&quot;
      aria-live=&quot;polite&quot;
      id=&quot;chakra-toast-manager-top-right&quot;
      role=&quot;region&quot;
      style=&quot;position: fixed; z-index: var(--toast-z-index, 5500); pointer-events: none; display: flex; flex-direction: column;&quot;
    /&gt;
    &lt;div
      aria-label=&quot;Notifications-bottom-left&quot;
      aria-live=&quot;polite&quot;
      id=&quot;chakra-toast-manager-bottom-left&quot;
      role=&quot;region&quot;
      style=&quot;position: fixed; z-index: var(--toast-z-index, 5500); pointer-events: none; display: flex; flex-direction: column;&quot;
    /&gt;
    &lt;div
      aria-label=&quot;Notifications-bottom&quot;
      aria-live=&quot;polite&quot;
      id=&quot;chakra-toast-manager-bottom&quot;
      role=&quot;region&quot;
      style=&quot;position: fixed; z-index: var(--toast-z-index, 5500); pointer-events: none; display: flex; flex-direction: column; margin: 0px auto;&quot;
    /&gt;
    &lt;div
      aria-label=&quot;Notifications-bottom-right&quot;
      aria-live=&quot;polite&quot;
      id=&quot;chakra-toast-manager-bottom-right&quot;
      role=&quot;region&quot;
      style=&quot;position: fixed; z-index: var(--toast-z-index, 5500); pointer-events: none; display: flex; flex-direction: column;&quot;
    /&gt;
  &lt;/div&gt;
&lt;/body&gt;
    at Object.getElementError (/Users/henriots/Desktop/projektid/SOMM/sommelier-strangelove/node_modules/.pnpm/@testing-library+dom@9.3.4/node_modules/@testing-library/dom/dist/config.js:37:19)
    at /Users/henriots/Desktop/projektid/SOMM/sommelier-strangelove/node_modules/.pnpm/@testing-library+dom@9.3.4/node_modules/@testing-library/dom/dist/query-helpers.js:76:38
    at /Users/henriots/Desktop/projektid/SOMM/sommelier-strangelove/node_modules/.pnpm/@testing-library+dom@9.3.4/node_modules/@testing-library/dom/dist/query-helpers.js:52:17
    at /Users/henriots/Desktop/projektid/SOMM/sommelier-strangelove/node_modules/.pnpm/@testing-library+dom@9.3.4/node_modules/@testing-library/dom/dist/query-helpers.js:95:19
    at Object.&lt;anonymous&gt; (/Users/henriots/Desktop/projektid/SOMM/sommelier-strangelove/src/__tests__/components/StrategyRow.spec.tsx:290:21)
    at Promise.then.completed (/Users/henriots/Desktop/projektid/SOMM/sommelier-strangelove/node_modules/.pnpm/jest-circus@29.7.0_babel-plugin-macros@3.1.0/node_modules/jest-circus/build/utils.js:298:28)
    at new Promise (&lt;anonymous&gt;)
    at callAsyncCircusFn (/Users/henriots/Desktop/projektid/SOMM/sommelier-strangelove/node_modules/.pnpm/jest-circus@29.7.0_babel-plugin-macros@3.1.0/node_modules/jest-circus/build/utils.js:231:10)
    at _callCircusTest (/Users/henriots/Desktop/projektid/SOMM/sommelier-strangelove/node_modules/.pnpm/jest-circus@29.7.0_babel-plugin-macros@3.1.0/node_modules/jest-circus/build/run.js:316:40)
    at processTicksAndRejections (node:internal/process/task_queues:95:5)
    at _runTest (/Users/henriots/Desktop/projektid/SOMM/sommelier-strangelove/node_modules/.pnpm/jest-circus@29.7.0_babel-plugin-macros@3.1.0/node_modules/jest-circus/build/run.js:252:3)
    at _runTestsForDescribeBlock (/Users/henriots/Desktop/projektid/SOMM/sommelier-strangelove/node_modules/.pnpm/jest-circus@29.7.0_babel-plugin-macros@3.1.0/node_modules/jest-circus/build/run.js:126:9)
    at _runTestsForDescribeBlock (/Users/henriots/Desktop/projektid/SOMM/sommelier-strangelove/node_modules/.pnpm/jest-circus@29.7.0_babel-plugin-macros@3.1.0/node_modules/jest-circus/build/run.js:121:9)
    at _runTestsForDescribeBlock (/Users/henriots/Desktop/projektid/SOMM/sommelier-strangelove/node_modules/.pnpm/jest-circus@29.7.0_babel-plugin-macros@3.1.0/node_modules/jest-circus/build/run.js:121:9)
    at run (/Users/henriots/Desktop/projektid/SOMM/sommelier-strangelove/node_modules/.pnpm/jest-circus@29.7.0_babel-plugin-macros@3.1.0/node_modules/jest-circus/build/run.js:71:3)
    at runAndTransformResultsToJestFormat (/Users/henriots/Desktop/projektid/SOMM/sommelier-strangelove/node_modules/.pnpm/jest-circus@29.7.0_babel-plugin-macros@3.1.0/node_modules/jest-circus/build/legacy-code-todo-rewrite/jestAdapterInit.js:122:21)
    at jestAdapter (/Users/henriots/Desktop/projektid/SOMM/sommelier-strangelove/node_modules/.pnpm/jest-circus@29.7.0_babel-plugin-macros@3.1.0/node_modules/jest-circus/build/legacy-code-todo-rewrite/jestAdapter.js:79:19)
    at runTestInternal (/Users/henriots/Desktop/projektid/SOMM/sommelier-strangelove/node_modules/.pnpm/jest-runner@29.7.0/node_modules/jest-runner/build/runTest.js:367:16)
    at runTest (/Users/henriots/Desktop/projektid/SOMM/sommelier-strangelove/node_modules/.pnpm/jest-runner@29.7.0/node_modules/jest-runner/build/runTest.js:444:34)
    at Object.worker (/Users/henriots/Desktop/projektid/SOMM/sommelier-strangelove/node_modules/.pnpm/jest-runner@29.7.0/node_modules/jest-runner/build/testWorker.js:106:12)</failure>
    </testcase>
    <testcase classname="StrategyRow Data Display should handle large numbers correctly" name="StrategyRow Data Display should handle large numbers correctly" time="0.007">
    </testcase>
    <testcase classname="StrategyRow Accessibility should have proper alt text for images" name="StrategyRow Accessibility should have proper alt text for images" time="0.009">
    </testcase>
    <testcase classname="StrategyRow Accessibility should have proper ARIA labels" name="StrategyRow Accessibility should have proper ARIA labels" time="0.007">
    </testcase>
    <testcase classname="StrategyRow Accessibility should be keyboard navigable" name="StrategyRow Accessibility should be keyboard navigable" time="0.009">
    </testcase>
    <testcase classname="StrategyRow Pre-launch State should show countdown for pre-launch vaults" name="StrategyRow Pre-launch State should show countdown for pre-launch vaults" time="0.014">
    </testcase>
    <testcase classname="StrategyRow Pre-launch State should disable deposit button for pre-launch vaults" name="StrategyRow Pre-launch State should disable deposit button for pre-launch vaults" time="0.013">
    </testcase>
  </testsuite>
  <testsuite name="CoinGecko API Tests" errors="0" failures="8" skipped="0" timestamp="2025-08-28T09:49:45" time="2.67" tests="20">
    <testcase classname="CoinGecko API Tests API Error Handling should handle unknown coin ID gracefully" name="CoinGecko API Tests API Error Handling should handle unknown coin ID gracefully" time="0.008">
      <failure>Error: expect(received).toEqual(expected) // deep equality

- Expected  - 1
+ Received  + 1

  Object {
-   &quot;price&quot;: null,
+   &quot;error&quot;: &quot;Coin not found&quot;,
  }
    at Object.&lt;anonymous&gt; (/Users/henriots/Desktop/projektid/SOMM/sommelier-strangelove/src/__tests__/api/coingecko.spec.ts:44:20)
    at processTicksAndRejections (node:internal/process/task_queues:95:5)</failure>
    </testcase>
    <testcase classname="CoinGecko API Tests API Error Handling should handle network errors gracefully" name="CoinGecko API Tests API Error Handling should handle network errors gracefully" time="0.001">
    </testcase>
    <testcase classname="CoinGecko API Tests API Error Handling should handle rate limiting gracefully" name="CoinGecko API Tests API Error Handling should handle rate limiting gracefully" time="0.001">
    </testcase>
    <testcase classname="CoinGecko API Tests API Error Handling should handle timeout errors gracefully" name="CoinGecko API Tests API Error Handling should handle timeout errors gracefully" time="0.103">
    </testcase>
    <testcase classname="CoinGecko API Tests API Error Handling should handle malformed response gracefully" name="CoinGecko API Tests API Error Handling should handle malformed response gracefully" time="0.001">
      <failure>Error: expect(received).toEqual(expected) // deep equality

- Expected  - 1
+ Received  + 1

  Object {
-   &quot;price&quot;: null,
+   &quot;invalid&quot;: &quot;response&quot;,
  }
    at Object.&lt;anonymous&gt; (/Users/henriots/Desktop/projektid/SOMM/sommelier-strangelove/src/__tests__/api/coingecko.spec.ts:113:20)</failure>
    </testcase>
    <testcase classname="CoinGecko API Tests Input Validation should handle missing coin IDs" name="CoinGecko API Tests Input Validation should handle missing coin IDs" time="0.001">
      <failure>Error: expect(received).toBe(expected) // Object.is equality

Expected: 400
Received: undefined
    at Object.&lt;anonymous&gt; (/Users/henriots/Desktop/projektid/SOMM/sommelier-strangelove/src/__tests__/api/coingecko.spec.ts:122:52)</failure>
    </testcase>
    <testcase classname="CoinGecko API Tests Input Validation should handle empty coin IDs array" name="CoinGecko API Tests Input Validation should handle empty coin IDs array" time="0.001">
      <failure>Error: expect(received).toBe(expected) // Object.is equality

Expected: 400
Received: undefined
    at Object.&lt;anonymous&gt; (/Users/henriots/Desktop/projektid/SOMM/sommelier-strangelove/src/__tests__/api/coingecko.spec.ts:129:52)</failure>
    </testcase>
    <testcase classname="CoinGecko API Tests Input Validation should handle invalid coin ID format" name="CoinGecko API Tests Input Validation should handle invalid coin ID format" time="0.001">
      <failure>Error: expect(received).toBe(expected) // Object.is equality

Expected: 400
Received: undefined
    at Object.&lt;anonymous&gt; (/Users/henriots/Desktop/projektid/SOMM/sommelier-strangelove/src/__tests__/api/coingecko.spec.ts:138:52)</failure>
    </testcase>
    <testcase classname="CoinGecko API Tests Input Validation should handle multiple coin IDs" name="CoinGecko API Tests Input Validation should handle multiple coin IDs" time="0">
    </testcase>
    <testcase classname="CoinGecko API Tests Response Formatting should format single coin price correctly" name="CoinGecko API Tests Response Formatting should format single coin price correctly" time="0.001">
    </testcase>
    <testcase classname="CoinGecko API Tests Response Formatting should handle zero prices" name="CoinGecko API Tests Response Formatting should handle zero prices" time="0">
    </testcase>
    <testcase classname="CoinGecko API Tests Response Formatting should handle null prices" name="CoinGecko API Tests Response Formatting should handle null prices" time="0">
    </testcase>
    <testcase classname="CoinGecko API Tests Response Formatting should handle missing price data" name="CoinGecko API Tests Response Formatting should handle missing price data" time="0">
    </testcase>
    <testcase classname="CoinGecko API Tests HTTP Method Validation should reject POST requests" name="CoinGecko API Tests HTTP Method Validation should reject POST requests" time="0">
      <failure>Error: expect(received).toBe(expected) // Object.is equality

Expected: 405
Received: undefined
    at Object.&lt;anonymous&gt; (/Users/henriots/Desktop/projektid/SOMM/sommelier-strangelove/src/__tests__/api/coingecko.spec.ts:258:52)</failure>
    </testcase>
    <testcase classname="CoinGecko API Tests HTTP Method Validation should reject PUT requests" name="CoinGecko API Tests HTTP Method Validation should reject PUT requests" time="0">
      <failure>Error: expect(received).toBe(expected) // Object.is equality

Expected: 405
Received: undefined
    at Object.&lt;anonymous&gt; (/Users/henriots/Desktop/projektid/SOMM/sommelier-strangelove/src/__tests__/api/coingecko.spec.ts:267:52)</failure>
    </testcase>
    <testcase classname="CoinGecko API Tests HTTP Method Validation should reject DELETE requests" name="CoinGecko API Tests HTTP Method Validation should reject DELETE requests" time="0">
      <failure>Error: expect(received).toBe(expected) // Object.is equality

Expected: 405
Received: undefined
    at Object.&lt;anonymous&gt; (/Users/henriots/Desktop/projektid/SOMM/sommelier-strangelove/src/__tests__/api/coingecko.spec.ts:276:52)</failure>
    </testcase>
    <testcase classname="CoinGecko API Tests Caching and Performance should handle concurrent requests efficiently" name="CoinGecko API Tests Caching and Performance should handle concurrent requests efficiently" time="0">
    </testcase>
    <testcase classname="CoinGecko API Tests Caching and Performance should handle slow responses gracefully" name="CoinGecko API Tests Caching and Performance should handle slow responses gracefully" time="2.002">
    </testcase>
    <testcase classname="CoinGecko API Tests Environment Variable Handling should work without API key" name="CoinGecko API Tests Environment Variable Handling should work without API key" time="0.001">
    </testcase>
    <testcase classname="CoinGecko API Tests Environment Variable Handling should work with API key" name="CoinGecko API Tests Environment Variable Handling should work with API key" time="0">
    </testcase>
  </testsuite>
</testsuites>